   1              		.cpu cortex-m0
   2              		.fpu softvfp
   3              		.eabi_attribute 20, 1
   4              		.eabi_attribute 21, 1
   5              		.eabi_attribute 23, 3
   6              		.eabi_attribute 24, 1
   7              		.eabi_attribute 25, 1
   8              		.eabi_attribute 26, 1
   9              		.eabi_attribute 30, 6
  10              		.eabi_attribute 34, 0
  11              		.eabi_attribute 18, 4
  12              		.code	16
  13              		.file	"Camera.c"
  14              		.text
  15              	.Ltext0:
  16              		.cfi_sections	.debug_frame
  17              		.section	.text.getCamera,"ax",%progbits
  18              		.align	2
  19              		.global	getCamera
  20              		.code	16
  21              		.thumb_func
  23              	getCamera:
  24              	.LFB0:
  25              		.file 1 "../Sources/Camera.c"
   1:../Sources/Camera.c **** /*
   2:../Sources/Camera.c ****  * Camera.c
   3:../Sources/Camera.c ****  *
   4:../Sources/Camera.c ****  *  Created on: Feb 3, 2016
   5:../Sources/Camera.c ****  *      Author: Jared
   6:../Sources/Camera.c ****  */
   7:../Sources/Camera.c **** 
   8:../Sources/Camera.c **** #include "TFC\TFC.h"
   9:../Sources/Camera.c **** #include "Common.h"
  10:../Sources/Camera.c **** #include "stdlib.h"
  11:../Sources/Camera.c **** 
  12:../Sources/Camera.c **** 
  13:../Sources/Camera.c **** 
  14:../Sources/Camera.c **** uint8_t* getCamera(){
  26              		.loc 1 14 0
  27              		.cfi_startproc
  28 0000 80B5     		push	{r7, lr}
  29              	.LCFI0:
  30              		.cfi_def_cfa_offset 8
  31              		.cfi_offset 7, -8
  32              		.cfi_offset 14, -4
  33 0002 82B0     		sub	sp, sp, #8
  34              	.LCFI1:
  35              		.cfi_def_cfa_offset 16
  36 0004 00AF     		add	r7, sp, #0
  37              	.LCFI2:
  38              		.cfi_def_cfa_register 7
  15:../Sources/Camera.c **** 	uint8_t* cameraData = (uint8_t*) malloc( 8 * USED_PIXELS );
  39              		.loc 1 15 0
  40 0006 FC23     		mov	r3, #252
  41 0008 9B00     		lsl	r3, r3, #2
  42 000a 181C     		mov	r0, r3
  43 000c FFF7FEFF 		bl	malloc
  44 0010 031C     		mov	r3, r0
  45 0012 3B60     		str	r3, [r7]
  16:../Sources/Camera.c **** 	while(!LineScanImageReady);
  46              		.loc 1 16 0
  47 0014 C046     		mov	r8, r8
  48              	.L2:
  49              		.loc 1 16 0 is_stmt 0
  50 0016 104B     		ldr	r3, .L6
  51 0018 1B78     		ldrb	r3, [r3]
  52 001a DBB2     		uxtb	r3, r3
  53 001c 002B     		cmp	r3, #0
  54 001e FAD0     		beq	.L2
  17:../Sources/Camera.c **** 	int i;
  18:../Sources/Camera.c **** 	for( i = 0; i < USED_PIXELS; i++){
  55              		.loc 1 18 0 is_stmt 1
  56 0020 0023     		mov	r3, #0
  57 0022 7B60     		str	r3, [r7, #4]
  58 0024 0FE0     		b	.L3
  59              	.L4:
  19:../Sources/Camera.c **** 		cameraData[i] = LineScanImage0[ i + IGNORE_PIXELS ];
  60              		.loc 1 19 0
  61 0026 7B68     		ldr	r3, [r7, #4]
  62 0028 3A68     		ldr	r2, [r7]
  63 002a D218     		add	r2, r2, r3
  64 002c 0B4B     		ldr	r3, .L6+4
  65 002e 1968     		ldr	r1, [r3]
  66 0030 7B68     		ldr	r3, [r7, #4]
  67 0032 0833     		add	r3, r3, #8
  68 0034 5B00     		lsl	r3, r3, #1
  69 0036 CB18     		add	r3, r1, r3
  70 0038 1B88     		ldrh	r3, [r3]
  71 003a 9BB2     		uxth	r3, r3
  72 003c DBB2     		uxtb	r3, r3
  73 003e 1370     		strb	r3, [r2]
  18:../Sources/Camera.c **** 	for( i = 0; i < USED_PIXELS; i++){
  74              		.loc 1 18 0
  75 0040 7B68     		ldr	r3, [r7, #4]
  76 0042 0133     		add	r3, r3, #1
  77 0044 7B60     		str	r3, [r7, #4]
  78              	.L3:
  18:../Sources/Camera.c **** 	for( i = 0; i < USED_PIXELS; i++){
  79              		.loc 1 18 0 is_stmt 0
  80 0046 7B68     		ldr	r3, [r7, #4]
  81 0048 6F2B     		cmp	r3, #111
  82 004a ECDD     		ble	.L4
  20:../Sources/Camera.c **** 	}
  21:../Sources/Camera.c **** 	return cameraData;
  83              		.loc 1 21 0 is_stmt 1
  84 004c 3B68     		ldr	r3, [r7]
  22:../Sources/Camera.c **** }
  85              		.loc 1 22 0
  86 004e 181C     		mov	r0, r3
  87 0050 BD46     		mov	sp, r7
  88 0052 02B0     		add	sp, sp, #8
  89              		@ sp needed for prologue
  90 0054 80BD     		pop	{r7, pc}
  91              	.L7:
  92 0056 C046     		.align	2
  93              	.L6:
  94 0058 00000000 		.word	LineScanImageReady
  95 005c 00000000 		.word	LineScanImage0
  96              		.cfi_endproc
  97              	.LFE0:
  99              		.text
 100              	.Letext0:
 101              		.file 2 "C:/Freescale/CW MCU v10.6/MCU/ARM_GCC_Support/ewl/EWL_C/include/cstdint"
 102              		.file 3 "C:/Users/Jared/Desktop/freescalecup/FRDM-TFC/Project_Headers/TFC\\TFC_LineScanCamera.h"
DEFINED SYMBOLS
                            *ABS*:00000000 Camera.c
C:\Users\Jared\AppData\Local\Temp\ccU3KFic.s:18     .text.getCamera:00000000 $t
C:\Users\Jared\AppData\Local\Temp\ccU3KFic.s:23     .text.getCamera:00000000 getCamera
C:\Users\Jared\AppData\Local\Temp\ccU3KFic.s:94     .text.getCamera:00000058 $d
                     .debug_frame:00000010 $d

UNDEFINED SYMBOLS
malloc
LineScanImageReady
LineScanImage0
