   1              		.cpu cortex-m0
   2              		.fpu softvfp
   3              		.eabi_attribute 20, 1
   4              		.eabi_attribute 21, 1
   5              		.eabi_attribute 23, 3
   6              		.eabi_attribute 24, 1
   7              		.eabi_attribute 25, 1
   8              		.eabi_attribute 26, 1
   9              		.eabi_attribute 30, 6
  10              		.eabi_attribute 34, 0
  11              		.eabi_attribute 18, 4
  12              		.code	16
  13              		.file	"TFC.c"
  14              		.text
  15              	.Ltext0:
  16              		.cfi_sections	.debug_frame
  17              		.section	.text.TFC_Init,"ax",%progbits
  18              		.align	2
  19              		.global	TFC_Init
  20              		.code	16
  21              		.thumb_func
  23              	TFC_Init:
  24              	.LFB0:
  25              		.file 1 "../Sources/TFC/TFC.c"
   1:../Sources/TFC/TFC.c **** #include "TFC\TFC.h"
   2:../Sources/TFC/TFC.c **** 
   3:../Sources/TFC/TFC.c **** 
   4:../Sources/TFC/TFC.c **** void TFC_Init()
   5:../Sources/TFC/TFC.c **** {
  26              		.loc 1 5 0
  27              		.cfi_startproc
  28 0000 80B5     		push	{r7, lr}
  29              	.LCFI0:
  30              		.cfi_def_cfa_offset 8
  31              		.cfi_offset 7, -8
  32              		.cfi_offset 14, -4
  33 0002 00AF     		add	r7, sp, #0
  34              	.LCFI1:
  35              		.cfi_def_cfa_register 7
   6:../Sources/TFC/TFC.c **** 	TFC_InitClock();
  36              		.loc 1 6 0
  37 0004 FFF7FEFF 		bl	TFC_InitClock
   7:../Sources/TFC/TFC.c **** 	TFC_InitSysTick();
  38              		.loc 1 7 0
  39 0008 FFF7FEFF 		bl	TFC_InitSysTick
   8:../Sources/TFC/TFC.c **** 	TFC_InitGPIO();
  40              		.loc 1 8 0
  41 000c FFF7FEFF 		bl	TFC_InitGPIO
   9:../Sources/TFC/TFC.c **** 	TFC_InitServos();
  42              		.loc 1 9 0
  43 0010 FFF7FEFF 		bl	TFC_InitServos
  10:../Sources/TFC/TFC.c **** 	TFC_InitMotorPWM();
  44              		.loc 1 10 0
  45 0014 FFF7FEFF 		bl	TFC_InitMotorPWM
  11:../Sources/TFC/TFC.c ****     TFC_InitADCs();
  46              		.loc 1 11 0
  47 0018 FFF7FEFF 		bl	TFC_InitADCs
  12:../Sources/TFC/TFC.c ****     TFC_InitLineScanCamera();
  48              		.loc 1 12 0
  49 001c FFF7FEFF 		bl	TFC_InitLineScanCamera
  13:../Sources/TFC/TFC.c ****     TFC_InitTerminal();
  50              		.loc 1 13 0
  51 0020 FFF7FEFF 		bl	TFC_InitTerminal
  14:../Sources/TFC/TFC.c **** 	TFC_InitUARTs();
  52              		.loc 1 14 0
  53 0024 FFF7FEFF 		bl	TFC_InitUARTs
  15:../Sources/TFC/TFC.c **** 	TFC_HBRIDGE_DISABLE;
  54              		.loc 1 15 0
  55 0028 054B     		ldr	r3, .L2
  56 002a 8022     		mov	r2, #128
  57 002c 9203     		lsl	r2, r2, #14
  58 002e 9A60     		str	r2, [r3, #8]
  16:../Sources/TFC/TFC.c **** 	TFC_SetMotorPWM(0,0);
  59              		.loc 1 16 0
  60 0030 0022     		mov	r2, #0
  61 0032 0023     		mov	r3, #0
  62 0034 101C     		add	r0, r2, #0
  63 0036 191C     		add	r1, r3, #0
  64 0038 FFF7FEFF 		bl	TFC_SetMotorPWM
  17:../Sources/TFC/TFC.c **** 	
  18:../Sources/TFC/TFC.c **** }
  65              		.loc 1 18 0
  66 003c BD46     		mov	sp, r7
  67              		@ sp needed for prologue
  68 003e 80BD     		pop	{r7, pc}
  69              	.L3:
  70              		.align	2
  71              	.L2:
  72 0040 00F10F40 		.word	1074786560
  73              		.cfi_endproc
  74              	.LFE0:
  76              		.section	.text.TFC_Task,"ax",%progbits
  77              		.align	2
  78              		.global	TFC_Task
  79              		.code	16
  80              		.thumb_func
  82              	TFC_Task:
  83              	.LFB1:
  19:../Sources/TFC/TFC.c **** 
  20:../Sources/TFC/TFC.c **** void TFC_Task()
  21:../Sources/TFC/TFC.c **** {
  84              		.loc 1 21 0
  85              		.cfi_startproc
  86 0000 80B5     		push	{r7, lr}
  87              	.LCFI2:
  88              		.cfi_def_cfa_offset 8
  89              		.cfi_offset 7, -8
  90              		.cfi_offset 14, -4
  91 0002 00AF     		add	r7, sp, #0
  92              	.LCFI3:
  93              		.cfi_def_cfa_register 7
  22:../Sources/TFC/TFC.c **** 	#if defined(TERMINAL_USE_SDA_SERIAL)
  23:../Sources/TFC/TFC.c **** 		TFC_UART_Process();
  94              		.loc 1 23 0
  95 0004 FFF7FEFF 		bl	TFC_UART_Process
  24:../Sources/TFC/TFC.c **** 	#endif
  25:../Sources/TFC/TFC.c **** 	 
  26:../Sources/TFC/TFC.c ****     TFC_ProcessTerminal();
  96              		.loc 1 26 0
  97 0008 FFF7FEFF 		bl	TFC_ProcessTerminal
  27:../Sources/TFC/TFC.c **** }
  98              		.loc 1 27 0
  99 000c BD46     		mov	sp, r7
 100              		@ sp needed for prologue
 101 000e 80BD     		pop	{r7, pc}
 102              		.cfi_endproc
 103              	.LFE1:
 105              		.text
 106              	.Letext0:
 107              		.file 2 "C:/Users/Jared/Desktop/freescalecup/FRDM-TFC/Project_Headers/MKL25Z4.h"
 108              		.file 3 "C:/Freescale/CW MCU v10.6/MCU/ARM_GCC_Support/ewl/EWL_C/include/cstdint"
DEFINED SYMBOLS
                            *ABS*:00000000 TFC.c
C:\Users\Jared\AppData\Local\Temp\ccyokh3w.s:18     .text.TFC_Init:00000000 $t
C:\Users\Jared\AppData\Local\Temp\ccyokh3w.s:23     .text.TFC_Init:00000000 TFC_Init
C:\Users\Jared\AppData\Local\Temp\ccyokh3w.s:72     .text.TFC_Init:00000040 $d
C:\Users\Jared\AppData\Local\Temp\ccyokh3w.s:77     .text.TFC_Task:00000000 $t
C:\Users\Jared\AppData\Local\Temp\ccyokh3w.s:82     .text.TFC_Task:00000000 TFC_Task
                     .debug_frame:00000010 $d

UNDEFINED SYMBOLS
TFC_InitClock
TFC_InitSysTick
TFC_InitGPIO
TFC_InitServos
TFC_InitMotorPWM
TFC_InitADCs
TFC_InitLineScanCamera
TFC_InitTerminal
TFC_InitUARTs
TFC_SetMotorPWM
TFC_UART_Process
TFC_ProcessTerminal
