   1              		.cpu cortex-m0
   2              		.fpu softvfp
   3              		.eabi_attribute 20, 1
   4              		.eabi_attribute 21, 1
   5              		.eabi_attribute 23, 3
   6              		.eabi_attribute 24, 1
   7              		.eabi_attribute 25, 1
   8              		.eabi_attribute 26, 1
   9              		.eabi_attribute 30, 6
  10              		.eabi_attribute 34, 0
  11              		.eabi_attribute 18, 4
  12              		.code	16
  13              		.file	"TFC_LineScanCamera.c"
  14              		.text
  15              	.Ltext0:
  16              		.cfi_sections	.debug_frame
  17              		.comm	LineScanImage0WorkingBuffer,4,4
  18              		.comm	LineScanImage1WorkingBuffer,4,4
  19              		.comm	LineScanImage0,4,4
  20              		.comm	LineScanImage1,4,4
  21              		.comm	LineScanImage0Buffer,512,4
  22              		.comm	LineScanImage1Buffer,512,4
  23              		.comm	LineScanWorkingBuffer,1,1
  24              		.global	LineScanImageReady
  25              		.section	.bss.LineScanImageReady,"aw",%nobits
  28              	LineScanImageReady:
  29 0000 00       		.space	1
  30              		.section	.text.TFC_InitLineScanCamera,"ax",%progbits
  31              		.align	2
  32              		.global	TFC_InitLineScanCamera
  33              		.code	16
  34              		.thumb_func
  36              	TFC_InitLineScanCamera:
  37              	.LFB0:
  38              		.file 1 "../Sources/TFC/TFC_LineScanCamera.c"
   1:../Sources/TFC/TFC_LineScanCamera.c **** #include "TFC\TFC.h"
   2:../Sources/TFC/TFC_LineScanCamera.c **** 
   3:../Sources/TFC/TFC_LineScanCamera.c **** 
   4:../Sources/TFC/TFC_LineScanCamera.c **** volatile uint16_t  *LineScanImage0WorkingBuffer;
   5:../Sources/TFC/TFC_LineScanCamera.c **** volatile uint16_t  *LineScanImage1WorkingBuffer;
   6:../Sources/TFC/TFC_LineScanCamera.c **** volatile uint16_t  *LineScanImage0;
   7:../Sources/TFC/TFC_LineScanCamera.c **** volatile uint16_t  *LineScanImage1;
   8:../Sources/TFC/TFC_LineScanCamera.c **** volatile uint16_t  LineScanImage0Buffer[2][128];
   9:../Sources/TFC/TFC_LineScanCamera.c **** volatile uint16_t  LineScanImage1Buffer[2][128];
  10:../Sources/TFC/TFC_LineScanCamera.c **** volatile uint8_t  LineScanWorkingBuffer;
  11:../Sources/TFC/TFC_LineScanCamera.c **** 
  12:../Sources/TFC/TFC_LineScanCamera.c **** volatile uint8_t LineScanImageReady = 0;
  13:../Sources/TFC/TFC_LineScanCamera.c **** 
  14:../Sources/TFC/TFC_LineScanCamera.c **** void TFC_InitLineScanCamera()
  15:../Sources/TFC/TFC_LineScanCamera.c **** {
  39              		.loc 1 15 0
  40              		.cfi_startproc
  41 0000 80B5     		push	{r7, lr}
  42              	.LCFI0:
  43              		.cfi_def_cfa_offset 8
  44              		.cfi_offset 7, -8
  45              		.cfi_offset 14, -4
  46 0002 00AF     		add	r7, sp, #0
  47              	.LCFI1:
  48              		.cfi_def_cfa_register 7
  16:../Sources/TFC/TFC_LineScanCamera.c **** 	SIM_SCGC5 |=     SIM_SCGC5_PORTE_MASK | SIM_SCGC5_PORTD_MASK; //Make sure the clock is enabled for
  49              		.loc 1 16 0
  50 0004 1C4A     		ldr	r2, .L2
  51 0006 1C49     		ldr	r1, .L2
  52 0008 1C4B     		ldr	r3, .L2+4
  53 000a CB58     		ldr	r3, [r1, r3]
  54 000c C021     		mov	r1, #192
  55 000e 8901     		lsl	r1, r1, #6
  56 0010 1943     		orr	r1, r3
  57 0012 1A4B     		ldr	r3, .L2+4
  58 0014 D150     		str	r1, [r2, r3]
  17:../Sources/TFC/TFC_LineScanCamera.c **** 	PORTE_PCR1 = PORT_PCR_MUX(1) | PORT_PCR_DSE_MASK;   //Enable GPIO on on the pin for the CLOCK Sign
  59              		.loc 1 17 0
  60 0016 1A4B     		ldr	r3, .L2+8
  61 0018 A022     		mov	r2, #160
  62 001a 5200     		lsl	r2, r2, #1
  63 001c 5A60     		str	r2, [r3, #4]
  18:../Sources/TFC/TFC_LineScanCamera.c **** 	PORTD_PCR7 = PORT_PCR_MUX(1) | PORT_PCR_DSE_MASK;   //Enable GPIO on on the pin for SI signal
  64              		.loc 1 18 0
  65 001e 194B     		ldr	r3, .L2+12
  66 0020 A022     		mov	r2, #160
  67 0022 5200     		lsl	r2, r2, #1
  68 0024 DA61     		str	r2, [r3, #28]
  19:../Sources/TFC/TFC_LineScanCamera.c **** 	
  20:../Sources/TFC/TFC_LineScanCamera.c **** 	PORTD_PCR5 = PORT_PCR_MUX(0); //Make sure AO signal goes to an analog input
  69              		.loc 1 20 0
  70 0026 174B     		ldr	r3, .L2+12
  71 0028 0022     		mov	r2, #0
  72 002a 5A61     		str	r2, [r3, #20]
  21:../Sources/TFC/TFC_LineScanCamera.c **** 	PORTD_PCR6 = PORT_PCR_MUX(0); //Make sure AO signal goes to an analog input
  73              		.loc 1 21 0
  74 002c 154B     		ldr	r3, .L2+12
  75 002e 0022     		mov	r2, #0
  76 0030 9A61     		str	r2, [r3, #24]
  22:../Sources/TFC/TFC_LineScanCamera.c **** 		
  23:../Sources/TFC/TFC_LineScanCamera.c **** 	//Make sure the Clock and SI pins are outputs
  24:../Sources/TFC/TFC_LineScanCamera.c ****     GPIOD_PDDR |= (1<<7);
  77              		.loc 1 24 0
  78 0032 154B     		ldr	r3, .L2+16
  79 0034 144A     		ldr	r2, .L2+16
  80 0036 5269     		ldr	r2, [r2, #20]
  81 0038 8021     		mov	r1, #128
  82 003a 0A43     		orr	r2, r1
  83 003c 5A61     		str	r2, [r3, #20]
  25:../Sources/TFC/TFC_LineScanCamera.c ****     GPIOE_PDDR |= (1<<1);
  84              		.loc 1 25 0
  85 003e 134B     		ldr	r3, .L2+20
  86 0040 124A     		ldr	r2, .L2+20
  87 0042 5269     		ldr	r2, [r2, #20]
  88 0044 0221     		mov	r1, #2
  89 0046 0A43     		orr	r2, r1
  90 0048 5A61     		str	r2, [r3, #20]
  26:../Sources/TFC/TFC_LineScanCamera.c ****             
  27:../Sources/TFC/TFC_LineScanCamera.c **** 	TAOS_CLK_LOW;
  91              		.loc 1 27 0
  92 004a 104B     		ldr	r3, .L2+20
  93 004c 0222     		mov	r2, #2
  94 004e 9A60     		str	r2, [r3, #8]
  28:../Sources/TFC/TFC_LineScanCamera.c **** 	TAOS_SI_LOW;
  95              		.loc 1 28 0
  96 0050 0D4B     		ldr	r3, .L2+16
  97 0052 8022     		mov	r2, #128
  98 0054 9A60     		str	r2, [r3, #8]
  29:../Sources/TFC/TFC_LineScanCamera.c **** 
  30:../Sources/TFC/TFC_LineScanCamera.c **** 	LineScanWorkingBuffer = 0;
  99              		.loc 1 30 0
 100 0056 0E4B     		ldr	r3, .L2+24
 101 0058 0022     		mov	r2, #0
 102 005a 1A70     		strb	r2, [r3]
  31:../Sources/TFC/TFC_LineScanCamera.c **** 	
  32:../Sources/TFC/TFC_LineScanCamera.c **** 	LineScanImage0WorkingBuffer = &LineScanImage0Buffer[0][0];
 103              		.loc 1 32 0
 104 005c 0D4B     		ldr	r3, .L2+28
 105 005e 0E4A     		ldr	r2, .L2+32
 106 0060 1A60     		str	r2, [r3]
  33:../Sources/TFC/TFC_LineScanCamera.c **** 	LineScanImage1WorkingBuffer = &LineScanImage1Buffer[0][0];
 107              		.loc 1 33 0
 108 0062 0E4B     		ldr	r3, .L2+36
 109 0064 0E4A     		ldr	r2, .L2+40
 110 0066 1A60     		str	r2, [r3]
  34:../Sources/TFC/TFC_LineScanCamera.c **** 	
  35:../Sources/TFC/TFC_LineScanCamera.c **** 	LineScanImage0 = &LineScanImage0Buffer[1][0];
 111              		.loc 1 35 0
 112 0068 0E4B     		ldr	r3, .L2+44
 113 006a 0F4A     		ldr	r2, .L2+48
 114 006c 1A60     		str	r2, [r3]
  36:../Sources/TFC/TFC_LineScanCamera.c **** 	LineScanImage1 = &LineScanImage1Buffer[1][0];
 115              		.loc 1 36 0
 116 006e 0F4B     		ldr	r3, .L2+52
 117 0070 0F4A     		ldr	r2, .L2+56
 118 0072 1A60     		str	r2, [r3]
  37:../Sources/TFC/TFC_LineScanCamera.c **** }
 119              		.loc 1 37 0
 120 0074 BD46     		mov	sp, r7
 121              		@ sp needed for prologue
 122 0076 80BD     		pop	{r7, pc}
 123              	.L3:
 124              		.align	2
 125              	.L2:
 126 0078 00700440 		.word	1074032640
 127 007c 38100000 		.word	4152
 128 0080 00D00440 		.word	1074057216
 129 0084 00C00440 		.word	1074053120
 130 0088 C0F00F40 		.word	1074786496
 131 008c 00F10F40 		.word	1074786560
 132 0090 00000000 		.word	LineScanWorkingBuffer
 133 0094 00000000 		.word	LineScanImage0WorkingBuffer
 134 0098 00000000 		.word	LineScanImage0Buffer
 135 009c 00000000 		.word	LineScanImage1WorkingBuffer
 136 00a0 00000000 		.word	LineScanImage1Buffer
 137 00a4 00000000 		.word	LineScanImage0
 138 00a8 00010000 		.word	LineScanImage0Buffer+256
 139 00ac 00000000 		.word	LineScanImage1
 140 00b0 00010000 		.word	LineScanImage1Buffer+256
 141              		.cfi_endproc
 142              	.LFE0:
 144              		.global	__aeabi_ui2d
 145              		.global	__aeabi_ddiv
 146              		.global	__aeabi_dmul
 147              		.global	__aeabi_d2f
 148              		.global	__aeabi_f2uiz
 149              		.section	.text.TFC_SetLineScanExposureTime,"ax",%progbits
 150              		.align	2
 151              		.global	TFC_SetLineScanExposureTime
 152              		.code	16
 153              		.thumb_func
 155              	TFC_SetLineScanExposureTime:
 156              	.LFB1:
  38:../Sources/TFC/TFC_LineScanCamera.c **** 
  39:../Sources/TFC/TFC_LineScanCamera.c **** 
  40:../Sources/TFC/TFC_LineScanCamera.c **** void TFC_SetLineScanExposureTime(uint32_t  TimeIn_uS)
  41:../Sources/TFC/TFC_LineScanCamera.c **** {
 157              		.loc 1 41 0
 158              		.cfi_startproc
 159 0000 90B5     		push	{r4, r7, lr}
 160              	.LCFI2:
 161              		.cfi_def_cfa_offset 12
 162              		.cfi_offset 4, -12
 163              		.cfi_offset 7, -8
 164              		.cfi_offset 14, -4
 165 0002 85B0     		sub	sp, sp, #20
 166              	.LCFI3:
 167              		.cfi_def_cfa_offset 32
 168 0004 00AF     		add	r7, sp, #0
 169              	.LCFI4:
 170              		.cfi_def_cfa_register 7
 171 0006 7860     		str	r0, [r7, #4]
  42:../Sources/TFC/TFC_LineScanCamera.c **** 		float t;
  43:../Sources/TFC/TFC_LineScanCamera.c **** 		
  44:../Sources/TFC/TFC_LineScanCamera.c **** 		//Figure out how many Pit ticks we need for for the exposure time
  45:../Sources/TFC/TFC_LineScanCamera.c **** 		t = (TimeIn_uS /1000000.0) * (float)(PERIPHERAL_BUS_CLOCK);
 172              		.loc 1 45 0
 173 0008 7868     		ldr	r0, [r7, #4]
 174 000a FFF7FEFF 		bl	__aeabi_ui2d
 175 000e 031C     		mov	r3, r0
 176 0010 0C1C     		mov	r4, r1
 177 0012 181C     		mov	r0, r3
 178 0014 211C     		mov	r1, r4
 179 0016 114B     		ldr	r3, .L5+4
 180 0018 0F4A     		ldr	r2, .L5
 181 001a FFF7FEFF 		bl	__aeabi_ddiv
 182 001e 031C     		mov	r3, r0
 183 0020 0C1C     		mov	r4, r1
 184 0022 181C     		mov	r0, r3
 185 0024 211C     		mov	r1, r4
 186 0026 0E4A     		ldr	r2, .L5+8
 187 0028 0E4B     		ldr	r3, .L5+12
 188 002a FFF7FEFF 		bl	__aeabi_dmul
 189 002e 031C     		mov	r3, r0
 190 0030 0C1C     		mov	r4, r1
 191 0032 181C     		mov	r0, r3
 192 0034 211C     		mov	r1, r4
 193 0036 FFF7FEFF 		bl	__aeabi_d2f
 194 003a 031C     		add	r3, r0, #0
 195 003c FB60     		str	r3, [r7, #12]
  46:../Sources/TFC/TFC_LineScanCamera.c **** 		PIT_LDVAL0 = (uint32_t)t;
 196              		.loc 1 46 0
 197 003e 0A4C     		ldr	r4, .L5+16
 198 0040 F868     		ldr	r0, [r7, #12]
 199 0042 FFF7FEFF 		bl	__aeabi_f2uiz
 200 0046 021C     		mov	r2, r0
 201 0048 8023     		mov	r3, #128
 202 004a 5B00     		lsl	r3, r3, #1
 203 004c E250     		str	r2, [r4, r3]
  47:../Sources/TFC/TFC_LineScanCamera.c **** 	
  48:../Sources/TFC/TFC_LineScanCamera.c **** }
 204              		.loc 1 48 0
 205 004e BD46     		mov	sp, r7
 206 0050 05B0     		add	sp, sp, #20
 207              		@ sp needed for prologue
 208 0052 90BD     		pop	{r4, r7, pc}
 209              	.L6:
 210 0054 C046C046 		.align	3
 211              	.L5:
 212 0058 00000000 		.word	0
 213 005c 80842E41 		.word	1093567616
 214 0060 00000000 		.word	0
 215 0064 60E37641 		.word	1098310496
 216 0068 00700340 		.word	1073967104
 217              		.cfi_endproc
 218              	.LFE1:
 220 006c C046C046 		.text
 221              	.Letext0:
 222              		.file 2 "C:/Freescale/CW MCU v10.6/MCU/ARM_GCC_Support/ewl/EWL_C/include/cstdint"
 223              		.file 3 "C:/Users/Jared/Desktop/Freescale/source-archive/frdm-tfc/trunk/RELEASES/R1.0/FRDM-TFC/Pro
DEFINED SYMBOLS
                            *ABS*:00000000 TFC_LineScanCamera.c
                            *COM*:00000004 LineScanImage0WorkingBuffer
                            *COM*:00000004 LineScanImage1WorkingBuffer
                            *COM*:00000004 LineScanImage0
                            *COM*:00000004 LineScanImage1
                            *COM*:00000200 LineScanImage0Buffer
                            *COM*:00000200 LineScanImage1Buffer
                            *COM*:00000001 LineScanWorkingBuffer
C:\Users\Jared\AppData\Local\Temp\ccUxFgPM.s:28     .bss.LineScanImageReady:00000000 LineScanImageReady
C:\Users\Jared\AppData\Local\Temp\ccUxFgPM.s:29     .bss.LineScanImageReady:00000000 $d
C:\Users\Jared\AppData\Local\Temp\ccUxFgPM.s:31     .text.TFC_InitLineScanCamera:00000000 $t
C:\Users\Jared\AppData\Local\Temp\ccUxFgPM.s:36     .text.TFC_InitLineScanCamera:00000000 TFC_InitLineScanCamera
C:\Users\Jared\AppData\Local\Temp\ccUxFgPM.s:126    .text.TFC_InitLineScanCamera:00000078 $d
C:\Users\Jared\AppData\Local\Temp\ccUxFgPM.s:150    .text.TFC_SetLineScanExposureTime:00000000 $t
C:\Users\Jared\AppData\Local\Temp\ccUxFgPM.s:155    .text.TFC_SetLineScanExposureTime:00000000 TFC_SetLineScanExposureTime
C:\Users\Jared\AppData\Local\Temp\ccUxFgPM.s:212    .text.TFC_SetLineScanExposureTime:00000058 $d
                     .debug_frame:00000010 $d
C:\Users\Jared\AppData\Local\Temp\ccUxFgPM.s:220    .text.TFC_SetLineScanExposureTime:0000006c $t

UNDEFINED SYMBOLS
__aeabi_ui2d
__aeabi_ddiv
__aeabi_dmul
__aeabi_d2f
__aeabi_f2uiz
