   1              		.cpu cortex-m0
   2              		.fpu softvfp
   3              		.eabi_attribute 20, 1
   4              		.eabi_attribute 21, 1
   5              		.eabi_attribute 23, 3
   6              		.eabi_attribute 24, 1
   7              		.eabi_attribute 25, 1
   8              		.eabi_attribute 26, 1
   9              		.eabi_attribute 30, 6
  10              		.eabi_attribute 34, 0
  11              		.eabi_attribute 18, 4
  12              		.code	16
  13              		.file	"TFC_Terminal.c"
  14              		.text
  15              	.Ltext0:
  16              		.cfi_sections	.debug_frame
  17              		.global	MyTerminalCallbackRecords
  18              		.section	.rodata
  19              		.align	2
  20              	.LC0:
  21 0000 68656C70 		.ascii	"help\000"
  21      00
  22 0005 000000   		.align	2
  23              	.LC1:
  24 0008 4C697374 		.ascii	"Lists available commands\000"
  24      73206176 
  24      61696C61 
  24      626C6520 
  24      636F6D6D 
  25 0021 000000   		.align	2
  26              	.LC2:
  27 0024 4C00     		.ascii	"L\000"
  28 0026 0000     		.align	2
  29              	.LC3:
  30 0028 44697370 		.ascii	"Displays linescan camera data\000"
  30      6C617973 
  30      206C696E 
  30      65736361 
  30      6E206361 
  31 0046 0000     		.align	2
  32              	.LC4:
  33 0048 5300     		.ascii	"S\000"
  34 004a 0000     		.align	2
  35              	.LC5:
  36 004c 436F6D6D 		.ascii	"Commands the servos to a position\000"
  36      616E6473 
  36      20746865 
  36      20736572 
  36      766F7320 
  37 006e 0000     		.align	2
  38              	.LC6:
  39 0070 4800     		.ascii	"H\000"
  40 0072 0000     		.align	2
  41              	.LC7:
  42 0074 436F6D6D 		.ascii	"Commands the H-Bridges\000"
  42      616E6473 
  42      20746865 
  42      20482D42 
  42      72696467 
  43 008b 00       		.align	2
  44              	.LC8:
  45 008c 4500     		.ascii	"E\000"
  46 008e 0000     		.align	2
  47              	.LC9:
  48 0090 456E6162 		.ascii	"Enables the H-Bridges\000"
  48      6C657320 
  48      74686520 
  48      482D4272 
  48      69646765 
  49 00a6 0000     		.align	2
  50              	.LC10:
  51 00a8 4400     		.ascii	"D\000"
  52 00aa 0000     		.align	2
  53              	.LC11:
  54 00ac 44697361 		.ascii	"Disables the H-Bridges\000"
  54      626C6573 
  54      20746865 
  54      20482D42 
  54      72696467 
  55              		.section	.data.MyTerminalCallbackRecords,"aw",%progbits
  56              		.align	2
  59              	MyTerminalCallbackRecords:
  60 0000 00000000 		.word	.LC0
  61 0004 00000000 		.word	TerminalCmd_Help
  62 0008 08000000 		.word	.LC1
  63 000c 24000000 		.word	.LC2
  64 0010 00000000 		.word	TerminalCmd_GetLineScan
  65 0014 28000000 		.word	.LC3
  66 0018 48000000 		.word	.LC4
  67 001c 00000000 		.word	TerminalCmd_S
  68 0020 4C000000 		.word	.LC5
  69 0024 70000000 		.word	.LC6
  70 0028 00000000 		.word	TerminalCmd_H
  71 002c 74000000 		.word	.LC7
  72 0030 8C000000 		.word	.LC8
  73 0034 00000000 		.word	TerminalCmd_E
  74 0038 90000000 		.word	.LC9
  75 003c A8000000 		.word	.LC10
  76 0040 00000000 		.word	TerminalCmd_D
  77 0044 AC000000 		.word	.LC11
  78              		.comm	TerminalLineBuf,64,4
  79              		.comm	TerminalPos,1,1
  80              		.comm	TerminalCmdBuf,33,4
  81              		.comm	TerminalArgs,32,4
  82              		.comm	NextCharIn,1,1
  83              		.comm	CmdFound,1,1
  84              		.section	.rodata
  85 00c3 00       		.align	2
  86              	.LC13:
  87 00c4 0D0A0D0A 		.ascii	"\015\012\015\012\000"
  87      00
  88 00c9 000000   		.align	2
  89              	.LC15:
  90 00cc 2A2A2A2A 		.ascii	"***********************************\015\012\000"
  90      2A2A2A2A 
  90      2A2A2A2A 
  90      2A2A2A2A 
  90      2A2A2A2A 
  91 00f2 0000     		.align	2
  92              	.LC17:
  93 00f4 4652444D 		.ascii	"FRDM-TFC\011\011           \015\012\000"
  93      2D544643 
  93      09092020 
  93      20202020 
  93      20202020 
  94              		.align	2
  95              	.LC19:
  96 010c 436F7079 		.ascii	"Copyright (C) <2013>  Eli Hughes\015\012\000"
  96      72696768 
  96      74202843 
  96      29203C32 
  96      3031333E 
  97 012f 00       		.align	2
  98              	.LC21:
  99 0130 57617665 		.ascii	"Wavenumber LLC\015\012\000"
  99      6E756D62 
  99      6572204C 
  99      4C430D0A 
  99      00
 100 0141 000000   		.align	2
 101              	.LC23:
 102 0144 2A2A2A2A 		.ascii	"***********************************\015\012\015\012"
 102      2A2A2A2A 
 102      2A2A2A2A 
 102      2A2A2A2A 
 102      2A2A2A2A 
 103 016b 3E00     		.ascii	">\000"
 104              		.section	.text.TerminalBootMsg,"ax",%progbits
 105              		.align	2
 106              		.global	TerminalBootMsg
 107              		.code	16
 108              		.thumb_func
 110              	TerminalBootMsg:
 111              	.LFB0:
 112              		.file 1 "../Sources/TFC/TFC_Terminal.c"
   1:../Sources/TFC/TFC_Terminal.c **** #include "TFC\TFC.h"
   2:../Sources/TFC/TFC_Terminal.c **** 
   3:../Sources/TFC/TFC_Terminal.c **** 
   4:../Sources/TFC/TFC_Terminal.c **** //*****************************************************************
   5:../Sources/TFC/TFC_Terminal.c **** //Terminal Configuration
   6:../Sources/TFC/TFC_Terminal.c **** //*****************************************************************
   7:../Sources/TFC/TFC_Terminal.c **** 
   8:../Sources/TFC/TFC_Terminal.c **** #define MAX_TERMINAL_LINE_CHARS 64
   9:../Sources/TFC/TFC_Terminal.c **** #define MAX_TERMINAL_CMD_CHARS  32
  10:../Sources/TFC/TFC_Terminal.c **** 
  11:../Sources/TFC/TFC_Terminal.c **** 
  12:../Sources/TFC/TFC_Terminal.c **** typedef void (*TerminalCallback)(char *);
  13:../Sources/TFC/TFC_Terminal.c **** 
  14:../Sources/TFC/TFC_Terminal.c **** 
  15:../Sources/TFC/TFC_Terminal.c **** typedef struct 
  16:../Sources/TFC/TFC_Terminal.c **** {
  17:../Sources/TFC/TFC_Terminal.c **** 	const char *CommandString;
  18:../Sources/TFC/TFC_Terminal.c **** 	TerminalCallback Callback;
  19:../Sources/TFC/TFC_Terminal.c **** 	const char *HelpString;
  20:../Sources/TFC/TFC_Terminal.c **** 		
  21:../Sources/TFC/TFC_Terminal.c **** } TerminalCallbackRecord;
  22:../Sources/TFC/TFC_Terminal.c **** 
  23:../Sources/TFC/TFC_Terminal.c **** //Callback function prototypes
  24:../Sources/TFC/TFC_Terminal.c **** void TerminalCmd_Help(char *arg);
  25:../Sources/TFC/TFC_Terminal.c **** void TerminalCmd_Reboot(char *arg);
  26:../Sources/TFC/TFC_Terminal.c **** void TerminalCmd_GetLineScan(char *arg);
  27:../Sources/TFC/TFC_Terminal.c **** void TerminalCmd_S(char *arg);
  28:../Sources/TFC/TFC_Terminal.c **** void TerminalCmd_H(char *arg);
  29:../Sources/TFC/TFC_Terminal.c **** void TerminalCmd_E(char *arg);
  30:../Sources/TFC/TFC_Terminal.c **** void TerminalCmd_D(char *arg);
  31:../Sources/TFC/TFC_Terminal.c **** //Populate this array with the callback functions and their terminal command string
  32:../Sources/TFC/TFC_Terminal.c **** TerminalCallbackRecord MyTerminalCallbackRecords[] ={	{"help",TerminalCmd_Help,"Lists available com
  33:../Sources/TFC/TFC_Terminal.c ****                                                         {"L",TerminalCmd_GetLineScan,"Displays line
  34:../Sources/TFC/TFC_Terminal.c ****                                                         {"S",TerminalCmd_S,"Commands the servos to 
  35:../Sources/TFC/TFC_Terminal.c ****                                                         {"H", TerminalCmd_H,"Commands the H-Bridges
  36:../Sources/TFC/TFC_Terminal.c **** 														{"E",TerminalCmd_E, "Enables the H-Bridges"},
  37:../Sources/TFC/TFC_Terminal.c **** 														{"D",TerminalCmd_D, "Disables the H-Bridges"},
  38:../Sources/TFC/TFC_Terminal.c ****                                                         };
  39:../Sources/TFC/TFC_Terminal.c **** 
  40:../Sources/TFC/TFC_Terminal.c **** //*****************************************************************
  41:../Sources/TFC/TFC_Terminal.c **** //Plumbing.....
  42:../Sources/TFC/TFC_Terminal.c **** //*****************************************************************
  43:../Sources/TFC/TFC_Terminal.c **** 
  44:../Sources/TFC/TFC_Terminal.c **** #define NUM_TERMINAL_COMMANDS  (sizeof(MyTerminalCallbackRecords)/sizeof(TerminalCallbackRecord))
  45:../Sources/TFC/TFC_Terminal.c **** 
  46:../Sources/TFC/TFC_Terminal.c **** char TerminalLineBuf[MAX_TERMINAL_LINE_CHARS];
  47:../Sources/TFC/TFC_Terminal.c **** uint8_t TerminalPos;
  48:../Sources/TFC/TFC_Terminal.c **** char TerminalCmdBuf[MAX_TERMINAL_CMD_CHARS+1];
  49:../Sources/TFC/TFC_Terminal.c **** char TerminalArgs[MAX_TERMINAL_LINE_CHARS-MAX_TERMINAL_CMD_CHARS];
  50:../Sources/TFC/TFC_Terminal.c **** uint8_t NextCharIn;
  51:../Sources/TFC/TFC_Terminal.c **** uint8_t CmdFound;
  52:../Sources/TFC/TFC_Terminal.c ****  
  53:../Sources/TFC/TFC_Terminal.c **** void TerminalBootMsg()
  54:../Sources/TFC/TFC_Terminal.c **** {
 113              		.loc 1 54 0
 114              		.cfi_startproc
 115 0000 80B5     		push	{r7, lr}
 116              	.LCFI0:
 117              		.cfi_def_cfa_offset 8
 118              		.cfi_offset 7, -8
 119              		.cfi_offset 14, -4
 120 0002 00AF     		add	r7, sp, #0
 121              	.LCFI1:
 122              		.cfi_def_cfa_register 7
  55:../Sources/TFC/TFC_Terminal.c **** 
  56:../Sources/TFC/TFC_Terminal.c **** TERMINAL_PRINTF("\r\n\r\n"); 
 123              		.loc 1 56 0
 124 0004 124A     		ldr	r2, .L2
 125 0006 134B     		ldr	r3, .L2+4
 126 0008 101C     		mov	r0, r2
 127 000a 191C     		mov	r1, r3
 128 000c FFF7FEFF 		bl	Qprintf
  57:../Sources/TFC/TFC_Terminal.c **** TERMINAL_PRINTF("***********************************\r\n"); 
 129              		.loc 1 57 0
 130 0010 0F4A     		ldr	r2, .L2
 131 0012 114B     		ldr	r3, .L2+8
 132 0014 101C     		mov	r0, r2
 133 0016 191C     		mov	r1, r3
 134 0018 FFF7FEFF 		bl	Qprintf
  58:../Sources/TFC/TFC_Terminal.c **** TERMINAL_PRINTF("FRDM-TFC		           \r\n");
 135              		.loc 1 58 0
 136 001c 0C4A     		ldr	r2, .L2
 137 001e 0F4B     		ldr	r3, .L2+12
 138 0020 101C     		mov	r0, r2
 139 0022 191C     		mov	r1, r3
 140 0024 FFF7FEFF 		bl	Qprintf
  59:../Sources/TFC/TFC_Terminal.c **** TERMINAL_PRINTF("Copyright (C) <2013>  Eli Hughes\r\n");
 141              		.loc 1 59 0
 142 0028 094A     		ldr	r2, .L2
 143 002a 0D4B     		ldr	r3, .L2+16
 144 002c 101C     		mov	r0, r2
 145 002e 191C     		mov	r1, r3
 146 0030 FFF7FEFF 		bl	Qprintf
  60:../Sources/TFC/TFC_Terminal.c **** TERMINAL_PRINTF("Wavenumber LLC\r\n"); 
 147              		.loc 1 60 0
 148 0034 064A     		ldr	r2, .L2
 149 0036 0B4B     		ldr	r3, .L2+20
 150 0038 101C     		mov	r0, r2
 151 003a 191C     		mov	r1, r3
 152 003c FFF7FEFF 		bl	Qprintf
  61:../Sources/TFC/TFC_Terminal.c **** TERMINAL_PRINTF("***********************************\r\n\r\n>"); 
 153              		.loc 1 61 0
 154 0040 034A     		ldr	r2, .L2
 155 0042 094B     		ldr	r3, .L2+24
 156 0044 101C     		mov	r0, r2
 157 0046 191C     		mov	r1, r3
 158 0048 FFF7FEFF 		bl	Qprintf
  62:../Sources/TFC/TFC_Terminal.c **** 
  63:../Sources/TFC/TFC_Terminal.c **** }
 159              		.loc 1 63 0
 160 004c BD46     		mov	sp, r7
 161              		@ sp needed for prologue
 162 004e 80BD     		pop	{r7, pc}
 163              	.L3:
 164              		.align	2
 165              	.L2:
 166 0050 00000000 		.word	SDA_SERIAL_OUTGOING_QUEUE
 167 0054 C4000000 		.word	.LC13
 168 0058 CC000000 		.word	.LC15
 169 005c F4000000 		.word	.LC17
 170 0060 0C010000 		.word	.LC19
 171 0064 30010000 		.word	.LC21
 172 0068 44010000 		.word	.LC23
 173              		.cfi_endproc
 174              	.LFE0:
 176              		.section	.text.TFC_InitTerminal,"ax",%progbits
 177              		.align	2
 178              		.global	TFC_InitTerminal
 179              		.code	16
 180              		.thumb_func
 182              	TFC_InitTerminal:
 183              	.LFB1:
  64:../Sources/TFC/TFC_Terminal.c **** 
  65:../Sources/TFC/TFC_Terminal.c **** void TFC_InitTerminal()
  66:../Sources/TFC/TFC_Terminal.c **** {
 184              		.loc 1 66 0
 185              		.cfi_startproc
 186 0000 80B5     		push	{r7, lr}
 187              	.LCFI2:
 188              		.cfi_def_cfa_offset 8
 189              		.cfi_offset 7, -8
 190              		.cfi_offset 14, -4
 191 0002 00AF     		add	r7, sp, #0
 192              	.LCFI3:
 193              		.cfi_def_cfa_register 7
  67:../Sources/TFC/TFC_Terminal.c **** 	TerminalPos = 0;
 194              		.loc 1 67 0
 195 0004 044B     		ldr	r3, .L5
 196 0006 0022     		mov	r2, #0
 197 0008 1A70     		strb	r2, [r3]
  68:../Sources/TFC/TFC_Terminal.c **** 	CmdFound = 0;
 198              		.loc 1 68 0
 199 000a 044B     		ldr	r3, .L5+4
 200 000c 0022     		mov	r2, #0
 201 000e 1A70     		strb	r2, [r3]
  69:../Sources/TFC/TFC_Terminal.c ****     TerminalBootMsg();
 202              		.loc 1 69 0
 203 0010 FFF7FEFF 		bl	TerminalBootMsg
  70:../Sources/TFC/TFC_Terminal.c **** }
 204              		.loc 1 70 0
 205 0014 BD46     		mov	sp, r7
 206              		@ sp needed for prologue
 207 0016 80BD     		pop	{r7, pc}
 208              	.L6:
 209              		.align	2
 210              	.L5:
 211 0018 00000000 		.word	TerminalPos
 212 001c 00000000 		.word	CmdFound
 213              		.cfi_endproc
 214              	.LFE1:
 216              		.section	.rodata
 217 016d 000000   		.align	2
 218              	.LC28:
 219 0170 0D0A0D0A 		.ascii	"\015\012\015\012Command List:\015\012\000"
 219      436F6D6D 
 219      616E6420 
 219      4C697374 
 219      3A0D0A00 
 220              		.align	2
 221              	.LC30:
 222 0184 2D2D2D2D 		.ascii	"----------------------\015\012\000"
 222      2D2D2D2D 
 222      2D2D2D2D 
 222      2D2D2D2D 
 222      2D2D2D2D 
 223 019d 000000   		.align	2
 224              	.LC33:
 225 01a0 25732020 		.ascii	"%s  ---->  %s\015\012\000"
 225      2D2D2D2D 
 225      3E202025 
 225      730D0A00 
 226              		.section	.text.TerminalCmd_Help,"ax",%progbits
 227              		.align	2
 228              		.global	TerminalCmd_Help
 229              		.code	16
 230              		.thumb_func
 232              	TerminalCmd_Help:
 233              	.LFB2:
  71:../Sources/TFC/TFC_Terminal.c **** 
  72:../Sources/TFC/TFC_Terminal.c **** void TerminalCmd_Help(char *arg)
  73:../Sources/TFC/TFC_Terminal.c **** {
 234              		.loc 1 73 0
 235              		.cfi_startproc
 236 0000 90B5     		push	{r4, r7, lr}
 237              	.LCFI4:
 238              		.cfi_def_cfa_offset 12
 239              		.cfi_offset 4, -12
 240              		.cfi_offset 7, -8
 241              		.cfi_offset 14, -4
 242 0002 85B0     		sub	sp, sp, #20
 243              	.LCFI5:
 244              		.cfi_def_cfa_offset 32
 245 0004 00AF     		add	r7, sp, #0
 246              	.LCFI6:
 247              		.cfi_def_cfa_register 7
 248 0006 7860     		str	r0, [r7, #4]
  74:../Sources/TFC/TFC_Terminal.c ****     uint8_t i;
  75:../Sources/TFC/TFC_Terminal.c **** 
  76:../Sources/TFC/TFC_Terminal.c ****     TERMINAL_PRINTF("\r\n\r\nCommand List:\r\n");
 249              		.loc 1 76 0
 250 0008 204A     		ldr	r2, .L10
 251 000a 214B     		ldr	r3, .L10+4
 252 000c 101C     		mov	r0, r2
 253 000e 191C     		mov	r1, r3
 254 0010 FFF7FEFF 		bl	Qprintf
  77:../Sources/TFC/TFC_Terminal.c ****     TERMINAL_PRINTF("----------------------\r\n");
 255              		.loc 1 77 0
 256 0014 1D4A     		ldr	r2, .L10
 257 0016 1F4B     		ldr	r3, .L10+8
 258 0018 101C     		mov	r0, r2
 259 001a 191C     		mov	r1, r3
 260 001c FFF7FEFF 		bl	Qprintf
  78:../Sources/TFC/TFC_Terminal.c **** 
  79:../Sources/TFC/TFC_Terminal.c ****     for(i=0;i<NUM_TERMINAL_COMMANDS;i++)
 261              		.loc 1 79 0
 262 0020 3B1C     		mov	r3, r7
 263 0022 0F33     		add	r3, r3, #15
 264 0024 0022     		mov	r2, #0
 265 0026 1A70     		strb	r2, [r3]
 266 0028 21E0     		b	.L8
 267              	.L9:
  80:../Sources/TFC/TFC_Terminal.c ****     {
  81:../Sources/TFC/TFC_Terminal.c ****          TERMINAL_PRINTF("%s  ---->  %s\r\n",MyTerminalCallbackRecords[i].CommandString,MyTerminalC
 268              		.loc 1 81 0
 269 002a 3B1C     		mov	r3, r7
 270 002c 0F33     		add	r3, r3, #15
 271 002e 1A78     		ldrb	r2, [r3]
 272 0030 1949     		ldr	r1, .L10+12
 273 0032 131C     		mov	r3, r2
 274 0034 5B00     		lsl	r3, r3, #1
 275 0036 9B18     		add	r3, r3, r2
 276 0038 9B00     		lsl	r3, r3, #2
 277 003a 5C58     		ldr	r4, [r3, r1]
 278 003c 3B1C     		mov	r3, r7
 279 003e 0F33     		add	r3, r3, #15
 280 0040 1A78     		ldrb	r2, [r3]
 281 0042 1549     		ldr	r1, .L10+12
 282 0044 131C     		mov	r3, r2
 283 0046 5B00     		lsl	r3, r3, #1
 284 0048 9B18     		add	r3, r3, r2
 285 004a 9B00     		lsl	r3, r3, #2
 286 004c CB18     		add	r3, r1, r3
 287 004e 0833     		add	r3, r3, #8
 288 0050 1B68     		ldr	r3, [r3]
 289 0052 0E49     		ldr	r1, .L10
 290 0054 114A     		ldr	r2, .L10+16
 291 0056 081C     		mov	r0, r1
 292 0058 111C     		mov	r1, r2
 293 005a 221C     		mov	r2, r4
 294 005c FFF7FEFF 		bl	Qprintf
  79:../Sources/TFC/TFC_Terminal.c ****     for(i=0;i<NUM_TERMINAL_COMMANDS;i++)
 295              		.loc 1 79 0
 296 0060 3B1C     		mov	r3, r7
 297 0062 0F33     		add	r3, r3, #15
 298 0064 3A1C     		mov	r2, r7
 299 0066 0F32     		add	r2, r2, #15
 300 0068 1278     		ldrb	r2, [r2]
 301 006a 0132     		add	r2, r2, #1
 302 006c 1A70     		strb	r2, [r3]
 303              	.L8:
  79:../Sources/TFC/TFC_Terminal.c ****     for(i=0;i<NUM_TERMINAL_COMMANDS;i++)
 304              		.loc 1 79 0 is_stmt 0
 305 006e 3B1C     		mov	r3, r7
 306 0070 0F33     		add	r3, r3, #15
 307 0072 1B78     		ldrb	r3, [r3]
 308 0074 052B     		cmp	r3, #5
 309 0076 D8D9     		bls	.L9
  82:../Sources/TFC/TFC_Terminal.c ****     }
  83:../Sources/TFC/TFC_Terminal.c **** 
  84:../Sources/TFC/TFC_Terminal.c ****     TERMINAL_PRINTF("\r\n\r\n");
 310              		.loc 1 84 0 is_stmt 1
 311 0078 044A     		ldr	r2, .L10
 312 007a 094B     		ldr	r3, .L10+20
 313 007c 101C     		mov	r0, r2
 314 007e 191C     		mov	r1, r3
 315 0080 FFF7FEFF 		bl	Qprintf
  85:../Sources/TFC/TFC_Terminal.c **** }
 316              		.loc 1 85 0
 317 0084 BD46     		mov	sp, r7
 318 0086 05B0     		add	sp, sp, #20
 319              		@ sp needed for prologue
 320 0088 90BD     		pop	{r4, r7, pc}
 321              	.L11:
 322 008a C046     		.align	2
 323              	.L10:
 324 008c 00000000 		.word	SDA_SERIAL_OUTGOING_QUEUE
 325 0090 70010000 		.word	.LC28
 326 0094 84010000 		.word	.LC30
 327 0098 00000000 		.word	MyTerminalCallbackRecords
 328 009c A0010000 		.word	.LC33
 329 00a0 C4000000 		.word	.LC13
 330              		.cfi_endproc
 331              	.LFE2:
 333              		.section	.text.TerminalCmd_Reboot,"ax",%progbits
 334              		.align	2
 335              		.global	TerminalCmd_Reboot
 336              		.code	16
 337              		.thumb_func
 339              	TerminalCmd_Reboot:
 340              	.LFB3:
  86:../Sources/TFC/TFC_Terminal.c **** 
  87:../Sources/TFC/TFC_Terminal.c **** void TerminalCmd_Reboot(char *arg)
  88:../Sources/TFC/TFC_Terminal.c **** {
 341              		.loc 1 88 0
 342              		.cfi_startproc
 343 0000 80B5     		push	{r7, lr}
 344              	.LCFI7:
 345              		.cfi_def_cfa_offset 8
 346              		.cfi_offset 7, -8
 347              		.cfi_offset 14, -4
 348 0002 82B0     		sub	sp, sp, #8
 349              	.LCFI8:
 350              		.cfi_def_cfa_offset 16
 351 0004 00AF     		add	r7, sp, #0
 352              	.LCFI9:
 353              		.cfi_def_cfa_register 7
 354 0006 7860     		str	r0, [r7, #4]
  89:../Sources/TFC/TFC_Terminal.c ****       TerminalBootMsg();
 355              		.loc 1 89 0
 356 0008 FFF7FEFF 		bl	TerminalBootMsg
  90:../Sources/TFC/TFC_Terminal.c **** }
 357              		.loc 1 90 0
 358 000c BD46     		mov	sp, r7
 359 000e 02B0     		add	sp, sp, #8
 360              		@ sp needed for prologue
 361 0010 80BD     		pop	{r7, pc}
 362              		.cfi_endproc
 363              	.LFE3:
 365 0012 C046     		.section	.rodata
 366              		.align	2
 367              	.LC37:
 368 01b0 090D0A45 		.ascii	"\011\015\012Enabling H-Bridges\015\012\000"
 368      6E61626C 
 368      696E6720 
 368      482D4272 
 368      69646765 
 369              		.section	.text.TerminalCmd_E,"ax",%progbits
 370              		.align	2
 371              		.global	TerminalCmd_E
 372              		.code	16
 373              		.thumb_func
 375              	TerminalCmd_E:
 376              	.LFB4:
  91:../Sources/TFC/TFC_Terminal.c **** 
  92:../Sources/TFC/TFC_Terminal.c **** 
  93:../Sources/TFC/TFC_Terminal.c **** 
  94:../Sources/TFC/TFC_Terminal.c **** void TerminalCmd_E(char *arg)
  95:../Sources/TFC/TFC_Terminal.c **** {
 377              		.loc 1 95 0
 378              		.cfi_startproc
 379 0000 80B5     		push	{r7, lr}
 380              	.LCFI10:
 381              		.cfi_def_cfa_offset 8
 382              		.cfi_offset 7, -8
 383              		.cfi_offset 14, -4
 384 0002 82B0     		sub	sp, sp, #8
 385              	.LCFI11:
 386              		.cfi_def_cfa_offset 16
 387 0004 00AF     		add	r7, sp, #0
 388              	.LCFI12:
 389              		.cfi_def_cfa_register 7
 390 0006 7860     		str	r0, [r7, #4]
  96:../Sources/TFC/TFC_Terminal.c **** 	 TERMINAL_PRINTF("\t\r\nEnabling H-Bridges\r\n");
 391              		.loc 1 96 0
 392 0008 064A     		ldr	r2, .L14
 393 000a 074B     		ldr	r3, .L14+4
 394 000c 101C     		mov	r0, r2
 395 000e 191C     		mov	r1, r3
 396 0010 FFF7FEFF 		bl	Qprintf
  97:../Sources/TFC/TFC_Terminal.c **** 	 TFC_HBRIDGE_ENABLE;
 397              		.loc 1 97 0
 398 0014 054B     		ldr	r3, .L14+8
 399 0016 8022     		mov	r2, #128
 400 0018 9203     		lsl	r2, r2, #14
 401 001a 5A60     		str	r2, [r3, #4]
  98:../Sources/TFC/TFC_Terminal.c **** }
 402              		.loc 1 98 0
 403 001c BD46     		mov	sp, r7
 404 001e 02B0     		add	sp, sp, #8
 405              		@ sp needed for prologue
 406 0020 80BD     		pop	{r7, pc}
 407              	.L15:
 408 0022 C046     		.align	2
 409              	.L14:
 410 0024 00000000 		.word	SDA_SERIAL_OUTGOING_QUEUE
 411 0028 B0010000 		.word	.LC37
 412 002c 00F10F40 		.word	1074786560
 413              		.cfi_endproc
 414              	.LFE4:
 416              		.section	.rodata
 417              		.align	2
 418              	.LC40:
 419 01c8 090D0A44 		.ascii	"\011\015\012Disabling H-Bridges\015\012\000"
 419      69736162 
 419      6C696E67 
 419      20482D42 
 419      72696467 
 420              		.section	.text.TerminalCmd_D,"ax",%progbits
 421              		.align	2
 422              		.global	TerminalCmd_D
 423              		.code	16
 424              		.thumb_func
 426              	TerminalCmd_D:
 427              	.LFB5:
  99:../Sources/TFC/TFC_Terminal.c **** 
 100:../Sources/TFC/TFC_Terminal.c **** void TerminalCmd_D(char *arg)
 101:../Sources/TFC/TFC_Terminal.c **** {
 428              		.loc 1 101 0
 429              		.cfi_startproc
 430 0000 80B5     		push	{r7, lr}
 431              	.LCFI13:
 432              		.cfi_def_cfa_offset 8
 433              		.cfi_offset 7, -8
 434              		.cfi_offset 14, -4
 435 0002 82B0     		sub	sp, sp, #8
 436              	.LCFI14:
 437              		.cfi_def_cfa_offset 16
 438 0004 00AF     		add	r7, sp, #0
 439              	.LCFI15:
 440              		.cfi_def_cfa_register 7
 441 0006 7860     		str	r0, [r7, #4]
 102:../Sources/TFC/TFC_Terminal.c **** 	 TERMINAL_PRINTF("\t\r\nDisabling H-Bridges\r\n");
 442              		.loc 1 102 0
 443 0008 094A     		ldr	r2, .L17
 444 000a 0A4B     		ldr	r3, .L17+4
 445 000c 101C     		mov	r0, r2
 446 000e 191C     		mov	r1, r3
 447 0010 FFF7FEFF 		bl	Qprintf
 103:../Sources/TFC/TFC_Terminal.c **** 	 TFC_HBRIDGE_DISABLE;
 448              		.loc 1 103 0
 449 0014 084B     		ldr	r3, .L17+8
 450 0016 8022     		mov	r2, #128
 451 0018 9203     		lsl	r2, r2, #14
 452 001a 9A60     		str	r2, [r3, #8]
 104:../Sources/TFC/TFC_Terminal.c **** 	 TFC_SetMotorPWM(0,0);
 453              		.loc 1 104 0
 454 001c 0022     		mov	r2, #0
 455 001e 0023     		mov	r3, #0
 456 0020 101C     		add	r0, r2, #0
 457 0022 191C     		add	r1, r3, #0
 458 0024 FFF7FEFF 		bl	TFC_SetMotorPWM
 105:../Sources/TFC/TFC_Terminal.c **** }
 459              		.loc 1 105 0
 460 0028 BD46     		mov	sp, r7
 461 002a 02B0     		add	sp, sp, #8
 462              		@ sp needed for prologue
 463 002c 80BD     		pop	{r7, pc}
 464              	.L18:
 465 002e C046     		.align	2
 466              	.L17:
 467 0030 00000000 		.word	SDA_SERIAL_OUTGOING_QUEUE
 468 0034 C8010000 		.word	.LC40
 469 0038 00F10F40 		.word	1074786560
 470              		.cfi_endproc
 471              	.LFE5:
 473              		.section	.rodata
 474 01e1 000000   		.align	2
 475              	.LC43:
 476 01e4 0D0A4C49 		.ascii	"\015\012LINE 0:\000"
 476      4E452030 
 476      3A00
 477 01ee 0000     		.align	2
 478              	.LC46:
 479 01f0 25325800 		.ascii	"%2X\000"
 480              		.align	2
 481              	.LC48:
 482 01f4 2C00     		.ascii	",\000"
 483 01f6 0000     		.align	2
 484              	.LC51:
 485 01f8 0D0A4C49 		.ascii	"\015\012LINE 1:\000"
 485      4E452031 
 485      3A00
 486              		.section	.text.TerminalCmd_GetLineScan,"ax",%progbits
 487              		.align	2
 488              		.global	TerminalCmd_GetLineScan
 489              		.code	16
 490              		.thumb_func
 492              	TerminalCmd_GetLineScan:
 493              	.LFB6:
 106:../Sources/TFC/TFC_Terminal.c **** 
 107:../Sources/TFC/TFC_Terminal.c **** void TerminalCmd_GetLineScan(char *arg)
 108:../Sources/TFC/TFC_Terminal.c **** {
 494              		.loc 1 108 0
 495              		.cfi_startproc
 496 0000 80B5     		push	{r7, lr}
 497              	.LCFI16:
 498              		.cfi_def_cfa_offset 8
 499              		.cfi_offset 7, -8
 500              		.cfi_offset 14, -4
 501 0002 84B0     		sub	sp, sp, #16
 502              	.LCFI17:
 503              		.cfi_def_cfa_offset 24
 504 0004 00AF     		add	r7, sp, #0
 505              	.LCFI18:
 506              		.cfi_def_cfa_register 7
 507 0006 7860     		str	r0, [r7, #4]
 109:../Sources/TFC/TFC_Terminal.c **** 	uint8_t i;
 110:../Sources/TFC/TFC_Terminal.c **** 	
 111:../Sources/TFC/TFC_Terminal.c **** 	TERMINAL_PRINTF("\r\nLINE 0:");
 508              		.loc 1 111 0
 509 0008 3B4A     		ldr	r2, .L28
 510 000a 3C4B     		ldr	r3, .L28+4
 511 000c 101C     		mov	r0, r2
 512 000e 191C     		mov	r1, r3
 513 0010 FFF7FEFF 		bl	Qprintf
 112:../Sources/TFC/TFC_Terminal.c **** 	
 113:../Sources/TFC/TFC_Terminal.c **** 	for(i=0;i<128;i++)
 514              		.loc 1 113 0
 515 0014 3B1C     		mov	r3, r7
 516 0016 0F33     		add	r3, r3, #15
 517 0018 0022     		mov	r2, #0
 518 001a 1A70     		strb	r2, [r3]
 519 001c 28E0     		b	.L20
 520              	.L23:
 114:../Sources/TFC/TFC_Terminal.c **** 	{
 115:../Sources/TFC/TFC_Terminal.c **** 		
 116:../Sources/TFC/TFC_Terminal.c **** 		TERMINAL_PRINTF("%2X",LineScanImage0[i]);
 521              		.loc 1 116 0
 522 001e 384B     		ldr	r3, .L28+8
 523 0020 1A68     		ldr	r2, [r3]
 524 0022 3B1C     		mov	r3, r7
 525 0024 0F33     		add	r3, r3, #15
 526 0026 1B78     		ldrb	r3, [r3]
 527 0028 5B00     		lsl	r3, r3, #1
 528 002a D318     		add	r3, r2, r3
 529 002c 1B88     		ldrh	r3, [r3]
 530 002e 9BB2     		uxth	r3, r3
 531 0030 3149     		ldr	r1, .L28
 532 0032 344A     		ldr	r2, .L28+12
 533 0034 081C     		mov	r0, r1
 534 0036 111C     		mov	r1, r2
 535 0038 1A1C     		mov	r2, r3
 536 003a FFF7FEFF 		bl	Qprintf
 117:../Sources/TFC/TFC_Terminal.c **** 		
 118:../Sources/TFC/TFC_Terminal.c **** 		if(i<127)
 537              		.loc 1 118 0
 538 003e 3B1C     		mov	r3, r7
 539 0040 0F33     		add	r3, r3, #15
 540 0042 1B78     		ldrb	r3, [r3]
 541 0044 7E2B     		cmp	r3, #126
 542 0046 06D8     		bhi	.L21
 119:../Sources/TFC/TFC_Terminal.c **** 			TERMINAL_PRINTF(",");
 543              		.loc 1 119 0
 544 0048 2B4A     		ldr	r2, .L28
 545 004a 2F4B     		ldr	r3, .L28+16
 546 004c 101C     		mov	r0, r2
 547 004e 191C     		mov	r1, r3
 548 0050 FFF7FEFF 		bl	Qprintf
 549 0054 05E0     		b	.L22
 550              	.L21:
 120:../Sources/TFC/TFC_Terminal.c **** 		else
 121:../Sources/TFC/TFC_Terminal.c **** 			TERMINAL_PRINTF("\r\n\r\n");
 551              		.loc 1 121 0
 552 0056 284A     		ldr	r2, .L28
 553 0058 2C4B     		ldr	r3, .L28+20
 554 005a 101C     		mov	r0, r2
 555 005c 191C     		mov	r1, r3
 556 005e FFF7FEFF 		bl	Qprintf
 557              	.L22:
 113:../Sources/TFC/TFC_Terminal.c **** 	for(i=0;i<128;i++)
 558              		.loc 1 113 0
 559 0062 3B1C     		mov	r3, r7
 560 0064 0F33     		add	r3, r3, #15
 561 0066 3A1C     		mov	r2, r7
 562 0068 0F32     		add	r2, r2, #15
 563 006a 1278     		ldrb	r2, [r2]
 564 006c 0132     		add	r2, r2, #1
 565 006e 1A70     		strb	r2, [r3]
 566              	.L20:
 113:../Sources/TFC/TFC_Terminal.c **** 	for(i=0;i<128;i++)
 567              		.loc 1 113 0 is_stmt 0
 568 0070 3B1C     		mov	r3, r7
 569 0072 0F33     		add	r3, r3, #15
 570 0074 1B78     		ldrb	r3, [r3]
 571 0076 5BB2     		sxtb	r3, r3
 572 0078 002B     		cmp	r3, #0
 573 007a D0DA     		bge	.L23
 122:../Sources/TFC/TFC_Terminal.c **** 	}
 123:../Sources/TFC/TFC_Terminal.c **** 	TERMINAL_PRINTF("\r\nLINE 1:");
 574              		.loc 1 123 0 is_stmt 1
 575 007c 1E4A     		ldr	r2, .L28
 576 007e 244B     		ldr	r3, .L28+24
 577 0080 101C     		mov	r0, r2
 578 0082 191C     		mov	r1, r3
 579 0084 FFF7FEFF 		bl	Qprintf
 124:../Sources/TFC/TFC_Terminal.c **** 	for(i=0;i<128;i++)
 580              		.loc 1 124 0
 581 0088 3B1C     		mov	r3, r7
 582 008a 0F33     		add	r3, r3, #15
 583 008c 0022     		mov	r2, #0
 584 008e 1A70     		strb	r2, [r3]
 585 0090 28E0     		b	.L24
 586              	.L27:
 125:../Sources/TFC/TFC_Terminal.c **** 	{
 126:../Sources/TFC/TFC_Terminal.c **** 		TERMINAL_PRINTF("%2X",LineScanImage1[i]);
 587              		.loc 1 126 0
 588 0092 204B     		ldr	r3, .L28+28
 589 0094 1A68     		ldr	r2, [r3]
 590 0096 3B1C     		mov	r3, r7
 591 0098 0F33     		add	r3, r3, #15
 592 009a 1B78     		ldrb	r3, [r3]
 593 009c 5B00     		lsl	r3, r3, #1
 594 009e D318     		add	r3, r2, r3
 595 00a0 1B88     		ldrh	r3, [r3]
 596 00a2 9BB2     		uxth	r3, r3
 597 00a4 1449     		ldr	r1, .L28
 598 00a6 174A     		ldr	r2, .L28+12
 599 00a8 081C     		mov	r0, r1
 600 00aa 111C     		mov	r1, r2
 601 00ac 1A1C     		mov	r2, r3
 602 00ae FFF7FEFF 		bl	Qprintf
 127:../Sources/TFC/TFC_Terminal.c **** 		if(i<127)
 603              		.loc 1 127 0
 604 00b2 3B1C     		mov	r3, r7
 605 00b4 0F33     		add	r3, r3, #15
 606 00b6 1B78     		ldrb	r3, [r3]
 607 00b8 7E2B     		cmp	r3, #126
 608 00ba 06D8     		bhi	.L25
 128:../Sources/TFC/TFC_Terminal.c **** 					TERMINAL_PRINTF(",");
 609              		.loc 1 128 0
 610 00bc 0E4A     		ldr	r2, .L28
 611 00be 124B     		ldr	r3, .L28+16
 612 00c0 101C     		mov	r0, r2
 613 00c2 191C     		mov	r1, r3
 614 00c4 FFF7FEFF 		bl	Qprintf
 615 00c8 05E0     		b	.L26
 616              	.L25:
 129:../Sources/TFC/TFC_Terminal.c **** 				else
 130:../Sources/TFC/TFC_Terminal.c **** 					TERMINAL_PRINTF("\r\n\r\n");
 617              		.loc 1 130 0
 618 00ca 0B4A     		ldr	r2, .L28
 619 00cc 0F4B     		ldr	r3, .L28+20
 620 00ce 101C     		mov	r0, r2
 621 00d0 191C     		mov	r1, r3
 622 00d2 FFF7FEFF 		bl	Qprintf
 623              	.L26:
 124:../Sources/TFC/TFC_Terminal.c **** 	for(i=0;i<128;i++)
 624              		.loc 1 124 0
 625 00d6 3B1C     		mov	r3, r7
 626 00d8 0F33     		add	r3, r3, #15
 627 00da 3A1C     		mov	r2, r7
 628 00dc 0F32     		add	r2, r2, #15
 629 00de 1278     		ldrb	r2, [r2]
 630 00e0 0132     		add	r2, r2, #1
 631 00e2 1A70     		strb	r2, [r3]
 632              	.L24:
 124:../Sources/TFC/TFC_Terminal.c **** 	for(i=0;i<128;i++)
 633              		.loc 1 124 0 is_stmt 0
 634 00e4 3B1C     		mov	r3, r7
 635 00e6 0F33     		add	r3, r3, #15
 636 00e8 1B78     		ldrb	r3, [r3]
 637 00ea 5BB2     		sxtb	r3, r3
 638 00ec 002B     		cmp	r3, #0
 639 00ee D0DA     		bge	.L27
 131:../Sources/TFC/TFC_Terminal.c **** 	}
 132:../Sources/TFC/TFC_Terminal.c **** 
 133:../Sources/TFC/TFC_Terminal.c **** }
 640              		.loc 1 133 0 is_stmt 1
 641 00f0 BD46     		mov	sp, r7
 642 00f2 04B0     		add	sp, sp, #16
 643              		@ sp needed for prologue
 644 00f4 80BD     		pop	{r7, pc}
 645              	.L29:
 646 00f6 C046     		.align	2
 647              	.L28:
 648 00f8 00000000 		.word	SDA_SERIAL_OUTGOING_QUEUE
 649 00fc E4010000 		.word	.LC43
 650 0100 00000000 		.word	LineScanImage0
 651 0104 F0010000 		.word	.LC46
 652 0108 F4010000 		.word	.LC48
 653 010c C4000000 		.word	.LC13
 654 0110 F8010000 		.word	.LC51
 655 0114 00000000 		.word	LineScanImage1
 656              		.cfi_endproc
 657              	.LFE6:
 659              		.section	.rodata
 660 0202 0000     		.align	2
 661              	.LC54:
 662 0204 25642C25 		.ascii	"%d,%d\000"
 662      6400
 663 020a 0000     		.align	2
 664              	.LC57:
 665 020c 53657474 		.ascii	"Setting Servos to %d , %d\015\012\000"
 665      696E6720 
 665      53657276 
 665      6F732074 
 665      6F202564 
 666              		.global	__aeabi_i2f
 667              		.global	__aeabi_fdiv
 668              		.align	2
 669              	.LC59:
 670 0228 496E7661 		.ascii	"Invalid servo control string. There must be 2 comma"
 670      6C696420 
 670      73657276 
 670      6F20636F 
 670      6E74726F 
 671 025b 6E642073 		.ascii	"nd separated arguments between -100 and 100. Ex: S "
 671      65706172 
 671      61746564 
 671      20617267 
 671      756D656E 
 672 028e 34332C2D 		.ascii	"43,-43\000"
 672      343300
 673              		.section	.text.TerminalCmd_S,"ax",%progbits
 674              		.align	2
 675              		.global	TerminalCmd_S
 676              		.code	16
 677              		.thumb_func
 679              	TerminalCmd_S:
 680              	.LFB7:
 134:../Sources/TFC/TFC_Terminal.c **** 
 135:../Sources/TFC/TFC_Terminal.c **** 
 136:../Sources/TFC/TFC_Terminal.c **** void TerminalCmd_S(char *arg)
 137:../Sources/TFC/TFC_Terminal.c **** {
 681              		.loc 1 137 0
 682              		.cfi_startproc
 683 0000 80B5     		push	{r7, lr}
 684              	.LCFI19:
 685              		.cfi_def_cfa_offset 8
 686              		.cfi_offset 7, -8
 687              		.cfi_offset 14, -4
 688 0002 84B0     		sub	sp, sp, #16
 689              	.LCFI20:
 690              		.cfi_def_cfa_offset 24
 691 0004 00AF     		add	r7, sp, #0
 692              	.LCFI21:
 693              		.cfi_def_cfa_register 7
 694 0006 7860     		str	r0, [r7, #4]
 138:../Sources/TFC/TFC_Terminal.c **** 	int ServoSetting[2] = {0,0};
 695              		.loc 1 138 0
 696 0008 3B1C     		mov	r3, r7
 697 000a 0833     		add	r3, r3, #8
 698 000c 0022     		mov	r2, #0
 699 000e 1A60     		str	r2, [r3]
 700 0010 3B1C     		mov	r3, r7
 701 0012 0833     		add	r3, r3, #8
 702 0014 0022     		mov	r2, #0
 703 0016 5A60     		str	r2, [r3, #4]
 139:../Sources/TFC/TFC_Terminal.c **** 
 140:../Sources/TFC/TFC_Terminal.c **** 	if(sscanf(arg,"%d,%d",&ServoSetting[0],&ServoSetting[1]) == 2)
 704              		.loc 1 140 0
 705 0018 7868     		ldr	r0, [r7, #4]
 706 001a 1F49     		ldr	r1, .L33
 707 001c 3A1C     		mov	r2, r7
 708 001e 0832     		add	r2, r2, #8
 709 0020 3B1C     		mov	r3, r7
 710 0022 0833     		add	r3, r3, #8
 711 0024 0433     		add	r3, r3, #4
 712 0026 FFF7FEFF 		bl	sscanf
 713 002a 031C     		mov	r3, r0
 714 002c 022B     		cmp	r3, #2
 715 002e 2AD1     		bne	.L31
 141:../Sources/TFC/TFC_Terminal.c **** 	{
 142:../Sources/TFC/TFC_Terminal.c **** 	
 143:../Sources/TFC/TFC_Terminal.c **** 	TERMINAL_PRINTF("Setting Servos to %d , %d\r\n",ServoSetting[0],ServoSetting[1]);
 716              		.loc 1 143 0
 717 0030 3B1C     		mov	r3, r7
 718 0032 0833     		add	r3, r3, #8
 719 0034 1A68     		ldr	r2, [r3]
 720 0036 3B1C     		mov	r3, r7
 721 0038 0833     		add	r3, r3, #8
 722 003a 5B68     		ldr	r3, [r3, #4]
 723 003c 1748     		ldr	r0, .L33+4
 724 003e 1849     		ldr	r1, .L33+8
 725 0040 FFF7FEFF 		bl	Qprintf
 144:../Sources/TFC/TFC_Terminal.c **** 	
 145:../Sources/TFC/TFC_Terminal.c **** 	TFC_SetServo(0,(float)ServoSetting[0]/100.0f); //Rescale to -1.0 to 1.0
 726              		.loc 1 145 0
 727 0044 3B1C     		mov	r3, r7
 728 0046 0833     		add	r3, r3, #8
 729 0048 1B68     		ldr	r3, [r3]
 730 004a 181C     		mov	r0, r3
 731 004c FFF7FEFF 		bl	__aeabi_i2f
 732 0050 031C     		add	r3, r0, #0
 733 0052 181C     		add	r0, r3, #0
 734 0054 1349     		ldr	r1, .L33+12
 735 0056 FFF7FEFF 		bl	__aeabi_fdiv
 736 005a 031C     		add	r3, r0, #0
 737 005c 0020     		mov	r0, #0
 738 005e 191C     		add	r1, r3, #0
 739 0060 FFF7FEFF 		bl	TFC_SetServo
 146:../Sources/TFC/TFC_Terminal.c **** 	TFC_SetServo(1,(float)ServoSetting[1]/100.0f);
 740              		.loc 1 146 0
 741 0064 3B1C     		mov	r3, r7
 742 0066 0833     		add	r3, r3, #8
 743 0068 5B68     		ldr	r3, [r3, #4]
 744 006a 181C     		mov	r0, r3
 745 006c FFF7FEFF 		bl	__aeabi_i2f
 746 0070 031C     		add	r3, r0, #0
 747 0072 181C     		add	r0, r3, #0
 748 0074 0B49     		ldr	r1, .L33+12
 749 0076 FFF7FEFF 		bl	__aeabi_fdiv
 750 007a 031C     		add	r3, r0, #0
 751 007c 0120     		mov	r0, #1
 752 007e 191C     		add	r1, r3, #0
 753 0080 FFF7FEFF 		bl	TFC_SetServo
 754 0084 05E0     		b	.L30
 755              	.L31:
 147:../Sources/TFC/TFC_Terminal.c **** 	}
 148:../Sources/TFC/TFC_Terminal.c **** 	else
 149:../Sources/TFC/TFC_Terminal.c **** 	{
 150:../Sources/TFC/TFC_Terminal.c **** 		TERMINAL_PRINTF("Invalid servo control string. There must be 2 command separated arguments betwee
 756              		.loc 1 150 0
 757 0086 054A     		ldr	r2, .L33+4
 758 0088 074B     		ldr	r3, .L33+16
 759 008a 101C     		mov	r0, r2
 760 008c 191C     		mov	r1, r3
 761 008e FFF7FEFF 		bl	Qprintf
 762              	.L30:
 151:../Sources/TFC/TFC_Terminal.c **** 	}
 152:../Sources/TFC/TFC_Terminal.c **** 	
 153:../Sources/TFC/TFC_Terminal.c **** }
 763              		.loc 1 153 0
 764 0092 BD46     		mov	sp, r7
 765 0094 04B0     		add	sp, sp, #16
 766              		@ sp needed for prologue
 767 0096 80BD     		pop	{r7, pc}
 768              	.L34:
 769              		.align	2
 770              	.L33:
 771 0098 04020000 		.word	.LC54
 772 009c 00000000 		.word	SDA_SERIAL_OUTGOING_QUEUE
 773 00a0 0C020000 		.word	.LC57
 774 00a4 0000C842 		.word	1120403456
 775 00a8 28020000 		.word	.LC59
 776              		.cfi_endproc
 777              	.LFE7:
 779              		.section	.rodata
 780 0295 000000   		.align	2
 781              	.LC63:
 782 0298 53657474 		.ascii	"Setting motor effort to to %d , %d\015\012\000"
 782      696E6720 
 782      6D6F746F 
 782      72206566 
 782      666F7274 
 783 02bd 000000   		.align	2
 784              	.LC65:
 785 02c0 496E7661 		.ascii	"Invalid motor control string. There must be 2 comma"
 785      6C696420 
 785      6D6F746F 
 785      7220636F 
 785      6E74726F 
 786 02f3 6E642073 		.ascii	"nd separated arguments between -100 and 100. Ex: H "
 786      65706172 
 786      61746564 
 786      20617267 
 786      756D656E 
 787 0326 34332C2D 		.ascii	"43,-43\015\012\000"
 787      34330D0A 
 787      00
 788              		.section	.text.TerminalCmd_H,"ax",%progbits
 789              		.align	2
 790              		.global	TerminalCmd_H
 791              		.code	16
 792              		.thumb_func
 794              	TerminalCmd_H:
 795              	.LFB8:
 154:../Sources/TFC/TFC_Terminal.c **** 
 155:../Sources/TFC/TFC_Terminal.c **** void TerminalCmd_H(char *arg)
 156:../Sources/TFC/TFC_Terminal.c **** {
 796              		.loc 1 156 0
 797              		.cfi_startproc
 798 0000 90B5     		push	{r4, r7, lr}
 799              	.LCFI22:
 800              		.cfi_def_cfa_offset 12
 801              		.cfi_offset 4, -12
 802              		.cfi_offset 7, -8
 803              		.cfi_offset 14, -4
 804 0002 85B0     		sub	sp, sp, #20
 805              	.LCFI23:
 806              		.cfi_def_cfa_offset 32
 807 0004 00AF     		add	r7, sp, #0
 808              	.LCFI24:
 809              		.cfi_def_cfa_register 7
 810 0006 7860     		str	r0, [r7, #4]
 157:../Sources/TFC/TFC_Terminal.c **** 
 158:../Sources/TFC/TFC_Terminal.c **** 	int MotorSetting[2] = {0,0};
 811              		.loc 1 158 0
 812 0008 3B1C     		mov	r3, r7
 813 000a 0833     		add	r3, r3, #8
 814 000c 0022     		mov	r2, #0
 815 000e 1A60     		str	r2, [r3]
 816 0010 3B1C     		mov	r3, r7
 817 0012 0833     		add	r3, r3, #8
 818 0014 0022     		mov	r2, #0
 819 0016 5A60     		str	r2, [r3, #4]
 159:../Sources/TFC/TFC_Terminal.c **** 
 160:../Sources/TFC/TFC_Terminal.c **** 	if(sscanf(arg,"%d,%d",&MotorSetting[0],&MotorSetting[1]) == 2)
 820              		.loc 1 160 0
 821 0018 7868     		ldr	r0, [r7, #4]
 822 001a 1E49     		ldr	r1, .L38
 823 001c 3A1C     		mov	r2, r7
 824 001e 0832     		add	r2, r2, #8
 825 0020 3B1C     		mov	r3, r7
 826 0022 0833     		add	r3, r3, #8
 827 0024 0433     		add	r3, r3, #4
 828 0026 FFF7FEFF 		bl	sscanf
 829 002a 031C     		mov	r3, r0
 830 002c 022B     		cmp	r3, #2
 831 002e 27D1     		bne	.L36
 161:../Sources/TFC/TFC_Terminal.c **** 	{
 162:../Sources/TFC/TFC_Terminal.c **** 	
 163:../Sources/TFC/TFC_Terminal.c **** 	TERMINAL_PRINTF("Setting motor effort to to %d , %d\r\n",MotorSetting[0],MotorSetting[1]);
 832              		.loc 1 163 0
 833 0030 3B1C     		mov	r3, r7
 834 0032 0833     		add	r3, r3, #8
 835 0034 1A68     		ldr	r2, [r3]
 836 0036 3B1C     		mov	r3, r7
 837 0038 0833     		add	r3, r3, #8
 838 003a 5B68     		ldr	r3, [r3, #4]
 839 003c 1648     		ldr	r0, .L38+4
 840 003e 1749     		ldr	r1, .L38+8
 841 0040 FFF7FEFF 		bl	Qprintf
 164:../Sources/TFC/TFC_Terminal.c **** 	
 165:../Sources/TFC/TFC_Terminal.c **** 	TFC_SetMotorPWM((float)MotorSetting[0]/100.0f,(float)MotorSetting[1]/100.0f);
 842              		.loc 1 165 0
 843 0044 3B1C     		mov	r3, r7
 844 0046 0833     		add	r3, r3, #8
 845 0048 1B68     		ldr	r3, [r3]
 846 004a 181C     		mov	r0, r3
 847 004c FFF7FEFF 		bl	__aeabi_i2f
 848 0050 031C     		add	r3, r0, #0
 849 0052 181C     		add	r0, r3, #0
 850 0054 1249     		ldr	r1, .L38+12
 851 0056 FFF7FEFF 		bl	__aeabi_fdiv
 852 005a 031C     		add	r3, r0, #0
 853 005c 1C1C     		add	r4, r3, #0
 854 005e 3B1C     		mov	r3, r7
 855 0060 0833     		add	r3, r3, #8
 856 0062 5B68     		ldr	r3, [r3, #4]
 857 0064 181C     		mov	r0, r3
 858 0066 FFF7FEFF 		bl	__aeabi_i2f
 859 006a 031C     		add	r3, r0, #0
 860 006c 181C     		add	r0, r3, #0
 861 006e 0C49     		ldr	r1, .L38+12
 862 0070 FFF7FEFF 		bl	__aeabi_fdiv
 863 0074 031C     		add	r3, r0, #0
 864 0076 201C     		add	r0, r4, #0
 865 0078 191C     		add	r1, r3, #0
 866 007a FFF7FEFF 		bl	TFC_SetMotorPWM
 867 007e 05E0     		b	.L35
 868              	.L36:
 166:../Sources/TFC/TFC_Terminal.c **** 
 167:../Sources/TFC/TFC_Terminal.c **** 
 168:../Sources/TFC/TFC_Terminal.c **** 	}
 169:../Sources/TFC/TFC_Terminal.c **** 	else
 170:../Sources/TFC/TFC_Terminal.c **** 	{
 171:../Sources/TFC/TFC_Terminal.c **** 		TERMINAL_PRINTF("Invalid motor control string. There must be 2 command separated arguments betwee
 869              		.loc 1 171 0
 870 0080 054A     		ldr	r2, .L38+4
 871 0082 084B     		ldr	r3, .L38+16
 872 0084 101C     		mov	r0, r2
 873 0086 191C     		mov	r1, r3
 874 0088 FFF7FEFF 		bl	Qprintf
 875              	.L35:
 172:../Sources/TFC/TFC_Terminal.c **** 	}
 173:../Sources/TFC/TFC_Terminal.c **** 	
 174:../Sources/TFC/TFC_Terminal.c **** }
 876              		.loc 1 174 0
 877 008c BD46     		mov	sp, r7
 878 008e 05B0     		add	sp, sp, #20
 879              		@ sp needed for prologue
 880 0090 90BD     		pop	{r4, r7, pc}
 881              	.L39:
 882 0092 C046     		.align	2
 883              	.L38:
 884 0094 04020000 		.word	.LC54
 885 0098 00000000 		.word	SDA_SERIAL_OUTGOING_QUEUE
 886 009c 98020000 		.word	.LC63
 887 00a0 0000C842 		.word	1120403456
 888 00a4 C0020000 		.word	.LC65
 889              		.cfi_endproc
 890              	.LFE8:
 892              		.section	.rodata
 893 032f 00       		.align	2
 894              	.LC76:
 895 0330 0D0A00   		.ascii	"\015\012\000"
 896 0333 00       		.align	2
 897              	.LC78:
 898 0334 0D0A2573 		.ascii	"\015\012%s command not recognized.\015\012\015\012\000"
 898      20636F6D 
 898      6D616E64 
 898      206E6F74 
 898      20726563 
 899 0355 000000   		.align	2
 900              	.LC80:
 901 0358 6E6F2061 		.ascii	"no arg\000"
 901      726700
 902 035f 00       		.align	2
 903              	.LC82:
 904 0360 0D0A3E00 		.ascii	"\015\012>\000"
 905              		.section	.text.TFC_ProcessTerminal,"ax",%progbits
 906              		.align	2
 907              		.global	TFC_ProcessTerminal
 908              		.code	16
 909              		.thumb_func
 911              	TFC_ProcessTerminal:
 912              	.LFB9:
 175:../Sources/TFC/TFC_Terminal.c **** 
 176:../Sources/TFC/TFC_Terminal.c **** 
 177:../Sources/TFC/TFC_Terminal.c **** void TFC_ProcessTerminal()
 178:../Sources/TFC/TFC_Terminal.c **** {
 913              		.loc 1 178 0
 914              		.cfi_startproc
 915 0000 80B5     		push	{r7, lr}
 916              	.LCFI25:
 917              		.cfi_def_cfa_offset 8
 918              		.cfi_offset 7, -8
 919              		.cfi_offset 14, -4
 920 0002 82B0     		sub	sp, sp, #8
 921              	.LCFI26:
 922              		.cfi_def_cfa_offset 16
 923 0004 00AF     		add	r7, sp, #0
 924              	.LCFI27:
 925              		.cfi_def_cfa_register 7
 179:../Sources/TFC/TFC_Terminal.c ****      uint8_t i,j;
 180:../Sources/TFC/TFC_Terminal.c ****      uint8_t ArgsFound;
 181:../Sources/TFC/TFC_Terminal.c ****         
 182:../Sources/TFC/TFC_Terminal.c ****     if(TERMINAL_READABLE)
 926              		.loc 1 182 0
 927 0006 A14B     		ldr	r3, .L69
 928 0008 181C     		mov	r0, r3
 929 000a FFF7FEFF 		bl	BytesInQueue
 930 000e 031C     		mov	r3, r0
 931 0010 002B     		cmp	r3, #0
 932 0012 00D1     		bne	.LCB696
 933 0014 36E1     		b	.L40	@long jump
 934              	.LCB696:
 183:../Sources/TFC/TFC_Terminal.c ****     {
 184:../Sources/TFC/TFC_Terminal.c ****        NextCharIn = TERMINAL_GETC;
 935              		.loc 1 184 0
 936 0016 9D4B     		ldr	r3, .L69
 937 0018 181C     		mov	r0, r3
 938 001a FFF7FEFF 		bl	ForcedByteDequeue
 939 001e 031C     		mov	r3, r0
 940 0020 1A1C     		mov	r2, r3
 941 0022 9B4B     		ldr	r3, .L69+4
 942 0024 1A70     		strb	r2, [r3]
 185:../Sources/TFC/TFC_Terminal.c ****        
 186:../Sources/TFC/TFC_Terminal.c ****         switch(NextCharIn)
 943              		.loc 1 186 0
 944 0026 9A4B     		ldr	r3, .L69+4
 945 0028 1B78     		ldrb	r3, [r3]
 946 002a 082B     		cmp	r3, #8
 947 002c 00D1     		bne	.LCB707
 948 002e EBE0     		b	.L43	@long jump
 949              	.LCB707:
 950 0030 0D2B     		cmp	r3, #13
 951 0032 00D0     		beq	.LCB709
 952 0034 FAE0     		b	.L64	@long jump
 953              	.LCB709:
 954              	.L44:
 187:../Sources/TFC/TFC_Terminal.c ****         {
 188:../Sources/TFC/TFC_Terminal.c ****             case '\r':
 189:../Sources/TFC/TFC_Terminal.c ****              
 190:../Sources/TFC/TFC_Terminal.c ****              TerminalLineBuf[TerminalPos++] = 0x0;
 955              		.loc 1 190 0
 956 0036 974B     		ldr	r3, .L69+8
 957 0038 1B78     		ldrb	r3, [r3]
 958 003a 1A1C     		mov	r2, r3
 959 003c 9649     		ldr	r1, .L69+12
 960 003e 0020     		mov	r0, #0
 961 0040 8854     		strb	r0, [r1, r2]
 962 0042 0133     		add	r3, r3, #1
 963 0044 DAB2     		uxtb	r2, r3
 964 0046 934B     		ldr	r3, .L69+8
 965 0048 1A70     		strb	r2, [r3]
 191:../Sources/TFC/TFC_Terminal.c ****              TERMINAL_PUTC(NextCharIn);
 966              		.loc 1 191 0
 967 004a 914B     		ldr	r3, .L69+4
 968 004c 1B78     		ldrb	r3, [r3]
 969 004e 934A     		ldr	r2, .L69+16
 970 0050 101C     		mov	r0, r2
 971 0052 191C     		mov	r1, r3
 972 0054 FFF7FEFF 		bl	ByteEnqueue
 192:../Sources/TFC/TFC_Terminal.c ****            
 193:../Sources/TFC/TFC_Terminal.c ****              if(TerminalPos > 1)
 973              		.loc 1 193 0
 974 0058 8E4B     		ldr	r3, .L69+8
 975 005a 1B78     		ldrb	r3, [r3]
 976 005c 012B     		cmp	r3, #1
 977 005e 00D8     		bhi	.LCB730
 978 0060 C8E0     		b	.L45	@long jump
 979              	.LCB730:
 194:../Sources/TFC/TFC_Terminal.c ****              {
 195:../Sources/TFC/TFC_Terminal.c ****                  //find the command
 196:../Sources/TFC/TFC_Terminal.c ****                  i=0;
 980              		.loc 1 196 0
 981 0062 FB1D     		add	r3, r7, #7
 982 0064 0022     		mov	r2, #0
 983 0066 1A70     		strb	r2, [r3]
 197:../Sources/TFC/TFC_Terminal.c ****                  while(TerminalLineBuf[i]>0x20 &&  TerminalLineBuf[i]<0x7f)
 984              		.loc 1 197 0
 985 0068 10E0     		b	.L46
 986              	.L48:
 198:../Sources/TFC/TFC_Terminal.c ****                  {
 199:../Sources/TFC/TFC_Terminal.c ****                       TerminalCmdBuf[i] = TerminalLineBuf[i];
 987              		.loc 1 199 0
 988 006a FB1D     		add	r3, r7, #7
 989 006c 1B78     		ldrb	r3, [r3]
 990 006e FA1D     		add	r2, r7, #7
 991 0070 1278     		ldrb	r2, [r2]
 992 0072 8949     		ldr	r1, .L69+12
 993 0074 895C     		ldrb	r1, [r1, r2]
 994 0076 8A4A     		ldr	r2, .L69+20
 995 0078 D154     		strb	r1, [r2, r3]
 200:../Sources/TFC/TFC_Terminal.c ****                       i++;
 996              		.loc 1 200 0
 997 007a FB1D     		add	r3, r7, #7
 998 007c FA1D     		add	r2, r7, #7
 999 007e 1278     		ldrb	r2, [r2]
 1000 0080 0132     		add	r2, r2, #1
 1001 0082 1A70     		strb	r2, [r3]
 201:../Sources/TFC/TFC_Terminal.c ****     
 202:../Sources/TFC/TFC_Terminal.c ****                     if(i==MAX_TERMINAL_CMD_CHARS)
 1002              		.loc 1 202 0
 1003 0084 FB1D     		add	r3, r7, #7
 1004 0086 1B78     		ldrb	r3, [r3]
 1005 0088 202B     		cmp	r3, #32
 1006 008a 0CD0     		beq	.L66
 1007              	.L46:
 197:../Sources/TFC/TFC_Terminal.c ****                  while(TerminalLineBuf[i]>0x20 &&  TerminalLineBuf[i]<0x7f)
 1008              		.loc 1 197 0
 1009 008c FB1D     		add	r3, r7, #7
 1010 008e 1B78     		ldrb	r3, [r3]
 1011 0090 814A     		ldr	r2, .L69+12
 1012 0092 D35C     		ldrb	r3, [r2, r3]
 1013 0094 202B     		cmp	r3, #32
 1014 0096 07D9     		bls	.L47
 197:../Sources/TFC/TFC_Terminal.c ****                  while(TerminalLineBuf[i]>0x20 &&  TerminalLineBuf[i]<0x7f)
 1015              		.loc 1 197 0 is_stmt 0
 1016 0098 FB1D     		add	r3, r7, #7
 1017 009a 1B78     		ldrb	r3, [r3]
 1018 009c 7E4A     		ldr	r2, .L69+12
 1019 009e D35C     		ldrb	r3, [r2, r3]
 1020 00a0 7E2B     		cmp	r3, #126
 1021 00a2 E2D9     		bls	.L48
 1022 00a4 00E0     		b	.L47
 1023              	.L66:
 203:../Sources/TFC/TFC_Terminal.c ****                         {
 204:../Sources/TFC/TFC_Terminal.c ****                          break;
 1024              		.loc 1 204 0 is_stmt 1
 1025 00a6 C046     		mov	r8, r8
 1026              	.L47:
 205:../Sources/TFC/TFC_Terminal.c ****                         }
 206:../Sources/TFC/TFC_Terminal.c ****                  }
 207:../Sources/TFC/TFC_Terminal.c ****                     
 208:../Sources/TFC/TFC_Terminal.c ****                 TerminalCmdBuf[i] = 0;
 1027              		.loc 1 208 0
 1028 00a8 FB1D     		add	r3, r7, #7
 1029 00aa 1B78     		ldrb	r3, [r3]
 1030 00ac 7C4A     		ldr	r2, .L69+20
 1031 00ae 0021     		mov	r1, #0
 1032 00b0 D154     		strb	r1, [r2, r3]
 209:../Sources/TFC/TFC_Terminal.c ****                 TerminalCmdBuf[i+1] = 0;
 1033              		.loc 1 209 0
 1034 00b2 FB1D     		add	r3, r7, #7
 1035 00b4 1B78     		ldrb	r3, [r3]
 1036 00b6 0133     		add	r3, r3, #1
 1037 00b8 794A     		ldr	r2, .L69+20
 1038 00ba 0021     		mov	r1, #0
 1039 00bc D154     		strb	r1, [r2, r3]
 210:../Sources/TFC/TFC_Terminal.c ****                 
 211:../Sources/TFC/TFC_Terminal.c ****                 
 212:../Sources/TFC/TFC_Terminal.c ****                 ArgsFound = TRUE;
 1040              		.loc 1 212 0
 1041 00be 7B1D     		add	r3, r7, #5
 1042 00c0 0122     		mov	r2, #1
 1043 00c2 1A70     		strb	r2, [r3]
 213:../Sources/TFC/TFC_Terminal.c ****                 memset(TerminalArgs,0x00,sizeof(TerminalArgs));
 1044              		.loc 1 213 0
 1045 00c4 774B     		ldr	r3, .L69+24
 1046 00c6 181C     		mov	r0, r3
 1047 00c8 0021     		mov	r1, #0
 1048 00ca 2022     		mov	r2, #32
 1049 00cc FFF7FEFF 		bl	memset
 214:../Sources/TFC/TFC_Terminal.c ****                 //scan for num terminator or next non whitespace
 215:../Sources/TFC/TFC_Terminal.c ****                 while(TerminalLineBuf[i]<=0x20 && (i<MAX_TERMINAL_LINE_CHARS))
 1050              		.loc 1 215 0
 1051 00d0 0EE0     		b	.L49
 1052              	.L52:
 216:../Sources/TFC/TFC_Terminal.c ****                 {
 217:../Sources/TFC/TFC_Terminal.c ****                     if(TerminalLineBuf[i] == 0x00)
 1053              		.loc 1 217 0
 1054 00d2 FB1D     		add	r3, r7, #7
 1055 00d4 1B78     		ldrb	r3, [r3]
 1056 00d6 704A     		ldr	r2, .L69+12
 1057 00d8 D35C     		ldrb	r3, [r2, r3]
 1058 00da 002B     		cmp	r3, #0
 1059 00dc 03D1     		bne	.L50
 218:../Sources/TFC/TFC_Terminal.c ****                     {
 219:../Sources/TFC/TFC_Terminal.c ****                     
 220:../Sources/TFC/TFC_Terminal.c ****                         //if we find a NULL terminator before a non whitespace character they flag 
 221:../Sources/TFC/TFC_Terminal.c ****                         ArgsFound = FALSE;
 1060              		.loc 1 221 0
 1061 00de 7B1D     		add	r3, r7, #5
 1062 00e0 0022     		mov	r2, #0
 1063 00e2 1A70     		strb	r2, [r3]
 222:../Sources/TFC/TFC_Terminal.c ****                         break;
 1064              		.loc 1 222 0
 1065 00e4 0EE0     		b	.L51
 1066              	.L50:
 223:../Sources/TFC/TFC_Terminal.c ****                     }   
 224:../Sources/TFC/TFC_Terminal.c ****                     i++; 
 1067              		.loc 1 224 0
 1068 00e6 FB1D     		add	r3, r7, #7
 1069 00e8 FA1D     		add	r2, r7, #7
 1070 00ea 1278     		ldrb	r2, [r2]
 1071 00ec 0132     		add	r2, r2, #1
 1072 00ee 1A70     		strb	r2, [r3]
 1073              	.L49:
 215:../Sources/TFC/TFC_Terminal.c ****                 while(TerminalLineBuf[i]<=0x20 && (i<MAX_TERMINAL_LINE_CHARS))
 1074              		.loc 1 215 0
 1075 00f0 FB1D     		add	r3, r7, #7
 1076 00f2 1B78     		ldrb	r3, [r3]
 1077 00f4 684A     		ldr	r2, .L69+12
 1078 00f6 D35C     		ldrb	r3, [r2, r3]
 1079 00f8 202B     		cmp	r3, #32
 1080 00fa 03D8     		bhi	.L51
 215:../Sources/TFC/TFC_Terminal.c ****                 while(TerminalLineBuf[i]<=0x20 && (i<MAX_TERMINAL_LINE_CHARS))
 1081              		.loc 1 215 0 is_stmt 0
 1082 00fc FB1D     		add	r3, r7, #7
 1083 00fe 1B78     		ldrb	r3, [r3]
 1084 0100 3F2B     		cmp	r3, #63
 1085 0102 E6D9     		bls	.L52
 1086              	.L51:
 225:../Sources/TFC/TFC_Terminal.c ****                 }
 226:../Sources/TFC/TFC_Terminal.c ****                 
 227:../Sources/TFC/TFC_Terminal.c ****                 if(ArgsFound == TRUE)
 1087              		.loc 1 227 0 is_stmt 1
 1088 0104 7B1D     		add	r3, r7, #5
 1089 0106 1B78     		ldrb	r3, [r3]
 1090 0108 012B     		cmp	r3, #1
 1091 010a 20D1     		bne	.L53
 228:../Sources/TFC/TFC_Terminal.c ****                 {
 229:../Sources/TFC/TFC_Terminal.c ****                     strcpy(TerminalArgs,&TerminalLineBuf[i]);
 1092              		.loc 1 229 0
 1093 010c FB1D     		add	r3, r7, #7
 1094 010e 1A78     		ldrb	r2, [r3]
 1095 0110 614B     		ldr	r3, .L69+12
 1096 0112 D318     		add	r3, r2, r3
 1097 0114 634A     		ldr	r2, .L69+24
 1098 0116 101C     		mov	r0, r2
 1099 0118 191C     		mov	r1, r3
 1100 011a FFF7FEFF 		bl	strcpy
 230:../Sources/TFC/TFC_Terminal.c ****                     
 231:../Sources/TFC/TFC_Terminal.c ****                     //trim trailing whitespace
 232:../Sources/TFC/TFC_Terminal.c ****                     i = sizeof(TerminalArgs)-1;
 1101              		.loc 1 232 0
 1102 011e FB1D     		add	r3, r7, #7
 1103 0120 1F22     		mov	r2, #31
 1104 0122 1A70     		strb	r2, [r3]
 233:../Sources/TFC/TFC_Terminal.c ****                     
 234:../Sources/TFC/TFC_Terminal.c ****                     while((TerminalArgs[i]<0x21) && (i>0))
 1105              		.loc 1 234 0
 1106 0124 09E0     		b	.L54
 1107              	.L55:
 235:../Sources/TFC/TFC_Terminal.c ****                     {
 236:../Sources/TFC/TFC_Terminal.c ****                         TerminalArgs[i]= 0x00;
 1108              		.loc 1 236 0
 1109 0126 FB1D     		add	r3, r7, #7
 1110 0128 1B78     		ldrb	r3, [r3]
 1111 012a 5E4A     		ldr	r2, .L69+24
 1112 012c 0021     		mov	r1, #0
 1113 012e D154     		strb	r1, [r2, r3]
 237:../Sources/TFC/TFC_Terminal.c ****                         i--;
 1114              		.loc 1 237 0
 1115 0130 FB1D     		add	r3, r7, #7
 1116 0132 FA1D     		add	r2, r7, #7
 1117 0134 1278     		ldrb	r2, [r2]
 1118 0136 013A     		sub	r2, r2, #1
 1119 0138 1A70     		strb	r2, [r3]
 1120              	.L54:
 234:../Sources/TFC/TFC_Terminal.c ****                     while((TerminalArgs[i]<0x21) && (i>0))
 1121              		.loc 1 234 0
 1122 013a FB1D     		add	r3, r7, #7
 1123 013c 1B78     		ldrb	r3, [r3]
 1124 013e 594A     		ldr	r2, .L69+24
 1125 0140 D35C     		ldrb	r3, [r2, r3]
 1126 0142 202B     		cmp	r3, #32
 1127 0144 03D8     		bhi	.L53
 234:../Sources/TFC/TFC_Terminal.c ****                     while((TerminalArgs[i]<0x21) && (i>0))
 1128              		.loc 1 234 0 is_stmt 0
 1129 0146 FB1D     		add	r3, r7, #7
 1130 0148 1B78     		ldrb	r3, [r3]
 1131 014a 002B     		cmp	r3, #0
 1132 014c EBD1     		bne	.L55
 1133              	.L53:
 238:../Sources/TFC/TFC_Terminal.c ****                     }       
 239:../Sources/TFC/TFC_Terminal.c ****                 }
 240:../Sources/TFC/TFC_Terminal.c ****                 
 241:../Sources/TFC/TFC_Terminal.c ****                 CmdFound = FALSE;
 1134              		.loc 1 241 0 is_stmt 1
 1135 014e 564B     		ldr	r3, .L69+28
 1136 0150 0022     		mov	r2, #0
 1137 0152 1A70     		strb	r2, [r3]
 242:../Sources/TFC/TFC_Terminal.c ****                 for(j=0;j<NUM_TERMINAL_COMMANDS;j++)
 1138              		.loc 1 242 0
 1139 0154 BB1D     		add	r3, r7, #6
 1140 0156 0022     		mov	r2, #0
 1141 0158 1A70     		strb	r2, [r3]
 1142 015a 37E0     		b	.L56
 1143              	.L60:
 243:../Sources/TFC/TFC_Terminal.c ****                 {           
 244:../Sources/TFC/TFC_Terminal.c ****                     if(strcmp(TerminalCmdBuf,MyTerminalCallbackRecords[j].CommandString) == 0)
 1144              		.loc 1 244 0
 1145 015c BB1D     		add	r3, r7, #6
 1146 015e 1A78     		ldrb	r2, [r3]
 1147 0160 5249     		ldr	r1, .L69+32
 1148 0162 131C     		mov	r3, r2
 1149 0164 5B00     		lsl	r3, r3, #1
 1150 0166 9B18     		add	r3, r3, r2
 1151 0168 9B00     		lsl	r3, r3, #2
 1152 016a 5B58     		ldr	r3, [r3, r1]
 1153 016c 4C4A     		ldr	r2, .L69+20
 1154 016e 101C     		mov	r0, r2
 1155 0170 191C     		mov	r1, r3
 1156 0172 FFF7FEFF 		bl	strcmp
 1157 0176 031C     		mov	r3, r0
 1158 0178 002B     		cmp	r3, #0
 1159 017a 22D1     		bne	.L57
 245:../Sources/TFC/TFC_Terminal.c ****                     {
 246:../Sources/TFC/TFC_Terminal.c ****                         TERMINAL_PRINTF("\r\n");
 1160              		.loc 1 246 0
 1161 017c 474A     		ldr	r2, .L69+16
 1162 017e 4C4B     		ldr	r3, .L69+36
 1163 0180 101C     		mov	r0, r2
 1164 0182 191C     		mov	r1, r3
 1165 0184 FFF7FEFF 		bl	Qprintf
 247:../Sources/TFC/TFC_Terminal.c ****                         if(MyTerminalCallbackRecords[j].Callback != NULL)
 1166              		.loc 1 247 0
 1167 0188 BB1D     		add	r3, r7, #6
 1168 018a 1A78     		ldrb	r2, [r3]
 1169 018c 4749     		ldr	r1, .L69+32
 1170 018e 131C     		mov	r3, r2
 1171 0190 5B00     		lsl	r3, r3, #1
 1172 0192 9B18     		add	r3, r3, r2
 1173 0194 9B00     		lsl	r3, r3, #2
 1174 0196 CB18     		add	r3, r1, r3
 1175 0198 0433     		add	r3, r3, #4
 1176 019a 1B68     		ldr	r3, [r3]
 1177 019c 002B     		cmp	r3, #0
 1178 019e 0CD0     		beq	.L58
 248:../Sources/TFC/TFC_Terminal.c ****                             MyTerminalCallbackRecords[j].Callback(TerminalArgs);
 1179              		.loc 1 248 0
 1180 01a0 BB1D     		add	r3, r7, #6
 1181 01a2 1A78     		ldrb	r2, [r3]
 1182 01a4 4149     		ldr	r1, .L69+32
 1183 01a6 131C     		mov	r3, r2
 1184 01a8 5B00     		lsl	r3, r3, #1
 1185 01aa 9B18     		add	r3, r3, r2
 1186 01ac 9B00     		lsl	r3, r3, #2
 1187 01ae CB18     		add	r3, r1, r3
 1188 01b0 0433     		add	r3, r3, #4
 1189 01b2 1B68     		ldr	r3, [r3]
 1190 01b4 3B4A     		ldr	r2, .L69+24
 1191 01b6 101C     		mov	r0, r2
 1192 01b8 9847     		blx	r3
 1193              	.L58:
 249:../Sources/TFC/TFC_Terminal.c ****                     
 250:../Sources/TFC/TFC_Terminal.c ****                         CmdFound = TRUE;
 1194              		.loc 1 250 0
 1195 01ba 3B4B     		ldr	r3, .L69+28
 1196 01bc 0122     		mov	r2, #1
 1197 01be 1A70     		strb	r2, [r3]
 251:../Sources/TFC/TFC_Terminal.c ****                         break;
 1198              		.loc 1 251 0
 1199 01c0 08E0     		b	.L59
 1200              	.L57:
 242:../Sources/TFC/TFC_Terminal.c ****                 for(j=0;j<NUM_TERMINAL_COMMANDS;j++)
 1201              		.loc 1 242 0
 1202 01c2 BB1D     		add	r3, r7, #6
 1203 01c4 BA1D     		add	r2, r7, #6
 1204 01c6 1278     		ldrb	r2, [r2]
 1205 01c8 0132     		add	r2, r2, #1
 1206 01ca 1A70     		strb	r2, [r3]
 1207              	.L56:
 242:../Sources/TFC/TFC_Terminal.c ****                 for(j=0;j<NUM_TERMINAL_COMMANDS;j++)
 1208              		.loc 1 242 0 is_stmt 0
 1209 01cc BB1D     		add	r3, r7, #6
 1210 01ce 1B78     		ldrb	r3, [r3]
 1211 01d0 052B     		cmp	r3, #5
 1212 01d2 C3D9     		bls	.L60
 1213              	.L59:
 252:../Sources/TFC/TFC_Terminal.c ****                     }             
 253:../Sources/TFC/TFC_Terminal.c ****                 }        
 254:../Sources/TFC/TFC_Terminal.c ****                 if(CmdFound == FALSE)
 1214              		.loc 1 254 0 is_stmt 1
 1215 01d4 344B     		ldr	r3, .L69+28
 1216 01d6 1B78     		ldrb	r3, [r3]
 1217 01d8 002B     		cmp	r3, #0
 1218 01da 0BD1     		bne	.L45
 255:../Sources/TFC/TFC_Terminal.c ****                 {
 256:../Sources/TFC/TFC_Terminal.c ****                   TERMINAL_PRINTF("\r\n%s command not recognized.\r\n\r\n",TerminalCmdBuf);
 1219              		.loc 1 256 0
 1220 01dc 2F49     		ldr	r1, .L69+16
 1221 01de 354A     		ldr	r2, .L69+40
 1222 01e0 2F4B     		ldr	r3, .L69+20
 1223 01e2 081C     		mov	r0, r1
 1224 01e4 111C     		mov	r1, r2
 1225 01e6 1A1C     		mov	r2, r3
 1226 01e8 FFF7FEFF 		bl	Qprintf
 257:../Sources/TFC/TFC_Terminal.c ****                   TerminalCmd_Help("no arg");
 1227              		.loc 1 257 0
 1228 01ec 324B     		ldr	r3, .L69+44
 1229 01ee 181C     		mov	r0, r3
 1230 01f0 FFF7FEFF 		bl	TerminalCmd_Help
 1231              	.L45:
 258:../Sources/TFC/TFC_Terminal.c ****                   
 259:../Sources/TFC/TFC_Terminal.c ****                 }
 260:../Sources/TFC/TFC_Terminal.c ****               }    
 261:../Sources/TFC/TFC_Terminal.c ****              TERMINAL_PRINTF("\r\n>");
 1232              		.loc 1 261 0
 1233 01f4 294A     		ldr	r2, .L69+16
 1234 01f6 314B     		ldr	r3, .L69+48
 1235 01f8 101C     		mov	r0, r2
 1236 01fa 191C     		mov	r1, r3
 1237 01fc FFF7FEFF 		bl	Qprintf
 262:../Sources/TFC/TFC_Terminal.c ****              TerminalPos = 0;
 1238              		.loc 1 262 0
 1239 0200 244B     		ldr	r3, .L69+8
 1240 0202 0022     		mov	r2, #0
 1241 0204 1A70     		strb	r2, [r3]
 263:../Sources/TFC/TFC_Terminal.c ****             
 264:../Sources/TFC/TFC_Terminal.c ****             break;
 1242              		.loc 1 264 0
 1243 0206 3DE0     		b	.L40
 1244              	.L43:
 265:../Sources/TFC/TFC_Terminal.c ****             
 266:../Sources/TFC/TFC_Terminal.c ****             case '\b':
 267:../Sources/TFC/TFC_Terminal.c ****                 if(TerminalPos > 0)
 1245              		.loc 1 267 0
 1246 0208 224B     		ldr	r3, .L69+8
 1247 020a 1B78     		ldrb	r3, [r3]
 1248 020c 002B     		cmp	r3, #0
 1249 020e 36D0     		beq	.L67
 268:../Sources/TFC/TFC_Terminal.c ****                 {
 269:../Sources/TFC/TFC_Terminal.c ****                     TerminalPos--;    
 1250              		.loc 1 269 0
 1251 0210 204B     		ldr	r3, .L69+8
 1252 0212 1B78     		ldrb	r3, [r3]
 1253 0214 013B     		sub	r3, r3, #1
 1254 0216 DAB2     		uxtb	r2, r3
 1255 0218 1E4B     		ldr	r3, .L69+8
 1256 021a 1A70     		strb	r2, [r3]
 270:../Sources/TFC/TFC_Terminal.c ****                     TERMINAL_PUTC(NextCharIn);
 1257              		.loc 1 270 0
 1258 021c 1C4B     		ldr	r3, .L69+4
 1259 021e 1B78     		ldrb	r3, [r3]
 1260 0220 1E4A     		ldr	r2, .L69+16
 1261 0222 101C     		mov	r0, r2
 1262 0224 191C     		mov	r1, r3
 1263 0226 FFF7FEFF 		bl	ByteEnqueue
 271:../Sources/TFC/TFC_Terminal.c ****                 }
 272:../Sources/TFC/TFC_Terminal.c ****             break;
 1264              		.loc 1 272 0
 1265 022a 28E0     		b	.L67
 1266              	.L64:
 273:../Sources/TFC/TFC_Terminal.c ****             
 274:../Sources/TFC/TFC_Terminal.c ****             default:
 275:../Sources/TFC/TFC_Terminal.c ****                 
 276:../Sources/TFC/TFC_Terminal.c ****                 if(TerminalPos == 0 && NextCharIn == 0x020)
 1267              		.loc 1 276 0
 1268 022c 194B     		ldr	r3, .L69+8
 1269 022e 1B78     		ldrb	r3, [r3]
 1270 0230 002B     		cmp	r3, #0
 1271 0232 03D1     		bne	.L62
 1272              		.loc 1 276 0 is_stmt 0
 1273 0234 164B     		ldr	r3, .L69+4
 1274 0236 1B78     		ldrb	r3, [r3]
 1275 0238 202B     		cmp	r3, #32
 1276 023a 1ED0     		beq	.L65
 1277              	.L62:
 277:../Sources/TFC/TFC_Terminal.c ****                 {
 278:../Sources/TFC/TFC_Terminal.c ****                      //Do nothing if space bar is pressed at beginning of line    
 279:../Sources/TFC/TFC_Terminal.c ****                 }
 280:../Sources/TFC/TFC_Terminal.c ****                    else if(NextCharIn >= 0x20 && NextCharIn<0x7F)
 1278              		.loc 1 280 0 is_stmt 1
 1279 023c 144B     		ldr	r3, .L69+4
 1280 023e 1B78     		ldrb	r3, [r3]
 1281 0240 1F2B     		cmp	r3, #31
 1282 0242 1ED9     		bls	.L68
 1283              		.loc 1 280 0 is_stmt 0
 1284 0244 124B     		ldr	r3, .L69+4
 1285 0246 1B78     		ldrb	r3, [r3]
 1286 0248 7E2B     		cmp	r3, #126
 1287 024a 1AD8     		bhi	.L68
 281:../Sources/TFC/TFC_Terminal.c ****                 {
 282:../Sources/TFC/TFC_Terminal.c ****                     
 283:../Sources/TFC/TFC_Terminal.c ****                     if(TerminalPos < MAX_TERMINAL_LINE_CHARS-1)
 1288              		.loc 1 283 0 is_stmt 1
 1289 024c 114B     		ldr	r3, .L69+8
 1290 024e 1B78     		ldrb	r3, [r3]
 1291 0250 3E2B     		cmp	r3, #62
 1292 0252 16D8     		bhi	.L68
 284:../Sources/TFC/TFC_Terminal.c ****                     {
 285:../Sources/TFC/TFC_Terminal.c ****                          TerminalLineBuf[TerminalPos++] = NextCharIn;
 1293              		.loc 1 285 0
 1294 0254 0F4B     		ldr	r3, .L69+8
 1295 0256 1B78     		ldrb	r3, [r3]
 1296 0258 1A1C     		mov	r2, r3
 1297 025a 0D49     		ldr	r1, .L69+4
 1298 025c 0878     		ldrb	r0, [r1]
 1299 025e 0E49     		ldr	r1, .L69+12
 1300 0260 8854     		strb	r0, [r1, r2]
 1301 0262 0133     		add	r3, r3, #1
 1302 0264 DAB2     		uxtb	r2, r3
 1303 0266 0B4B     		ldr	r3, .L69+8
 1304 0268 1A70     		strb	r2, [r3]
 286:../Sources/TFC/TFC_Terminal.c ****                         TERMINAL_PUTC(NextCharIn);
 1305              		.loc 1 286 0
 1306 026a 094B     		ldr	r3, .L69+4
 1307 026c 1B78     		ldrb	r3, [r3]
 1308 026e 0B4A     		ldr	r2, .L69+16
 1309 0270 101C     		mov	r0, r2
 1310 0272 191C     		mov	r1, r3
 1311 0274 FFF7FEFF 		bl	ByteEnqueue
 287:../Sources/TFC/TFC_Terminal.c ****                     }
 288:../Sources/TFC/TFC_Terminal.c ****                 }
 289:../Sources/TFC/TFC_Terminal.c ****             
 290:../Sources/TFC/TFC_Terminal.c ****             break;
 1312              		.loc 1 290 0
 1313 0278 03E0     		b	.L68
 1314              	.L65:
 1315 027a C046     		mov	r8, r8
 1316 027c 01E0     		b	.L68
 1317              	.L67:
 272:../Sources/TFC/TFC_Terminal.c ****             break;
 1318              		.loc 1 272 0
 1319 027e C046     		mov	r8, r8
 1320 0280 00E0     		b	.L40
 1321              	.L68:
 1322              		.loc 1 290 0
 1323 0282 C046     		mov	r8, r8
 1324              	.L40:
 291:../Sources/TFC/TFC_Terminal.c ****         
 292:../Sources/TFC/TFC_Terminal.c ****         }
 293:../Sources/TFC/TFC_Terminal.c ****     }
 294:../Sources/TFC/TFC_Terminal.c ****  
 295:../Sources/TFC/TFC_Terminal.c **** }
 1325              		.loc 1 295 0
 1326 0284 BD46     		mov	sp, r7
 1327 0286 02B0     		add	sp, sp, #8
 1328              		@ sp needed for prologue
 1329 0288 80BD     		pop	{r7, pc}
 1330              	.L70:
 1331 028a C046     		.align	2
 1332              	.L69:
 1333 028c 00000000 		.word	SDA_SERIAL_INCOMING_QUEUE
 1334 0290 00000000 		.word	NextCharIn
 1335 0294 00000000 		.word	TerminalPos
 1336 0298 00000000 		.word	TerminalLineBuf
 1337 029c 00000000 		.word	SDA_SERIAL_OUTGOING_QUEUE
 1338 02a0 00000000 		.word	TerminalCmdBuf
 1339 02a4 00000000 		.word	TerminalArgs
 1340 02a8 00000000 		.word	CmdFound
 1341 02ac 00000000 		.word	MyTerminalCallbackRecords
 1342 02b0 30030000 		.word	.LC76
 1343 02b4 34030000 		.word	.LC78
 1344 02b8 58030000 		.word	.LC80
 1345 02bc 60030000 		.word	.LC82
 1346              		.cfi_endproc
 1347              	.LFE9:
 1349              		.text
 1350              	.Letext0:
 1351              		.file 2 "C:/Freescale/CW MCU v10.6/MCU/ARM_GCC_Support/ewl/EWL_C/include/cstdint"
 1352              		.file 3 "C:/Users/Jared/Desktop/Freescale/source-archive/frdm-tfc/trunk/RELEASES/R1.0/FRDM-TFC/Pro
 1353              		.file 4 "C:/Users/Jared/Desktop/Freescale/source-archive/frdm-tfc/trunk/RELEASES/R1.0/FRDM-TFC/Pro
 1354              		.file 5 "C:/Users/Jared/Desktop/Freescale/source-archive/frdm-tfc/trunk/RELEASES/R1.0/FRDM-TFC/Pro
 1355              		.file 6 "C:/Users/Jared/Desktop/Freescale/source-archive/frdm-tfc/trunk/RELEASES/R1.0/FRDM-TFC/Pro
DEFINED SYMBOLS
                            *ABS*:00000000 TFC_Terminal.c
C:\Users\Jared\AppData\Local\Temp\ccqIMNvW.s:59     .data.MyTerminalCallbackRecords:00000000 MyTerminalCallbackRecords
C:\Users\Jared\AppData\Local\Temp\ccqIMNvW.s:19     .rodata:00000000 $d
C:\Users\Jared\AppData\Local\Temp\ccqIMNvW.s:56     .data.MyTerminalCallbackRecords:00000000 $d
C:\Users\Jared\AppData\Local\Temp\ccqIMNvW.s:232    .text.TerminalCmd_Help:00000000 TerminalCmd_Help
C:\Users\Jared\AppData\Local\Temp\ccqIMNvW.s:492    .text.TerminalCmd_GetLineScan:00000000 TerminalCmd_GetLineScan
C:\Users\Jared\AppData\Local\Temp\ccqIMNvW.s:679    .text.TerminalCmd_S:00000000 TerminalCmd_S
C:\Users\Jared\AppData\Local\Temp\ccqIMNvW.s:794    .text.TerminalCmd_H:00000000 TerminalCmd_H
C:\Users\Jared\AppData\Local\Temp\ccqIMNvW.s:375    .text.TerminalCmd_E:00000000 TerminalCmd_E
C:\Users\Jared\AppData\Local\Temp\ccqIMNvW.s:426    .text.TerminalCmd_D:00000000 TerminalCmd_D
                            *COM*:00000040 TerminalLineBuf
                            *COM*:00000001 TerminalPos
                            *COM*:00000021 TerminalCmdBuf
                            *COM*:00000020 TerminalArgs
                            *COM*:00000001 NextCharIn
                            *COM*:00000001 CmdFound
C:\Users\Jared\AppData\Local\Temp\ccqIMNvW.s:105    .text.TerminalBootMsg:00000000 $t
C:\Users\Jared\AppData\Local\Temp\ccqIMNvW.s:110    .text.TerminalBootMsg:00000000 TerminalBootMsg
C:\Users\Jared\AppData\Local\Temp\ccqIMNvW.s:166    .text.TerminalBootMsg:00000050 $d
C:\Users\Jared\AppData\Local\Temp\ccqIMNvW.s:177    .text.TFC_InitTerminal:00000000 $t
C:\Users\Jared\AppData\Local\Temp\ccqIMNvW.s:182    .text.TFC_InitTerminal:00000000 TFC_InitTerminal
C:\Users\Jared\AppData\Local\Temp\ccqIMNvW.s:211    .text.TFC_InitTerminal:00000018 $d
C:\Users\Jared\AppData\Local\Temp\ccqIMNvW.s:227    .text.TerminalCmd_Help:00000000 $t
C:\Users\Jared\AppData\Local\Temp\ccqIMNvW.s:324    .text.TerminalCmd_Help:0000008c $d
C:\Users\Jared\AppData\Local\Temp\ccqIMNvW.s:334    .text.TerminalCmd_Reboot:00000000 $t
C:\Users\Jared\AppData\Local\Temp\ccqIMNvW.s:339    .text.TerminalCmd_Reboot:00000000 TerminalCmd_Reboot
C:\Users\Jared\AppData\Local\Temp\ccqIMNvW.s:370    .text.TerminalCmd_E:00000000 $t
C:\Users\Jared\AppData\Local\Temp\ccqIMNvW.s:410    .text.TerminalCmd_E:00000024 $d
C:\Users\Jared\AppData\Local\Temp\ccqIMNvW.s:421    .text.TerminalCmd_D:00000000 $t
C:\Users\Jared\AppData\Local\Temp\ccqIMNvW.s:467    .text.TerminalCmd_D:00000030 $d
C:\Users\Jared\AppData\Local\Temp\ccqIMNvW.s:487    .text.TerminalCmd_GetLineScan:00000000 $t
C:\Users\Jared\AppData\Local\Temp\ccqIMNvW.s:648    .text.TerminalCmd_GetLineScan:000000f8 $d
C:\Users\Jared\AppData\Local\Temp\ccqIMNvW.s:674    .text.TerminalCmd_S:00000000 $t
C:\Users\Jared\AppData\Local\Temp\ccqIMNvW.s:771    .text.TerminalCmd_S:00000098 $d
C:\Users\Jared\AppData\Local\Temp\ccqIMNvW.s:789    .text.TerminalCmd_H:00000000 $t
C:\Users\Jared\AppData\Local\Temp\ccqIMNvW.s:884    .text.TerminalCmd_H:00000094 $d
C:\Users\Jared\AppData\Local\Temp\ccqIMNvW.s:906    .text.TFC_ProcessTerminal:00000000 $t
C:\Users\Jared\AppData\Local\Temp\ccqIMNvW.s:911    .text.TFC_ProcessTerminal:00000000 TFC_ProcessTerminal
C:\Users\Jared\AppData\Local\Temp\ccqIMNvW.s:1333   .text.TFC_ProcessTerminal:0000028c $d
                     .debug_frame:00000010 $d

UNDEFINED SYMBOLS
Qprintf
SDA_SERIAL_OUTGOING_QUEUE
TFC_SetMotorPWM
LineScanImage0
LineScanImage1
__aeabi_i2f
__aeabi_fdiv
sscanf
TFC_SetServo
BytesInQueue
ForcedByteDequeue
ByteEnqueue
memset
strcpy
strcmp
SDA_SERIAL_INCOMING_QUEUE
